
The following have been reloaded with a version change:
  1) FFTW/3.3.7-gompic-2018a => FFTW/3.3.7-gompi-2018a
  2) OpenMPI/2.1.2-gcccuda-2018a => OpenMPI/2.1.2-GCC-6.4.0-2.28
  3) Python/3.6.4-fosscuda-2018a => Python/3.6.4-foss-2018a
  4) ScaLAPACK/2.0.2-gompic-2018a-OpenBLAS-0.2.20 => ScaLAPACK/2.0.2-gompi-2018a-OpenBLAS-0.2.20

2020-01-16 13:25:38.802002: I tensorflow/stream_executor/cuda/cuda_gpu_executor.cc:964] successful NUMA node read from SysFS had negative value (-1), but there must be at least one NUMA node, so returning NUMA node zero
2020-01-16 13:25:38.802529: I tensorflow/core/common_runtime/gpu/gpu_device.cc:1432] Found device 0 with properties: 
name: GRID V100D-32Q major: 7 minor: 0 memoryClockRate(GHz): 1.38
pciBusID: 0000:02:00.0
totalMemory: 31.87GiB freeMemory: 29.56GiB
2020-01-16 13:25:38.802578: I tensorflow/core/common_runtime/gpu/gpu_device.cc:1511] Adding visible gpu devices: 0
2020-01-16 13:25:39.307448: I tensorflow/core/common_runtime/gpu/gpu_device.cc:982] Device interconnect StreamExecutor with strength 1 edge matrix:
2020-01-16 13:25:39.307539: I tensorflow/core/common_runtime/gpu/gpu_device.cc:988]      0 
2020-01-16 13:25:39.307557: I tensorflow/core/common_runtime/gpu/gpu_device.cc:1001] 0:   N 
2020-01-16 13:25:39.307671: I tensorflow/core/common_runtime/gpu/gpu_device.cc:1115] Created TensorFlow device (/job:localhost/replica:0/task:0/device:GPU:0 with 28669 MB memory) -> physical GPU (device: 0, name: GRID V100D-32Q, pci bus id: 0000:02:00.0, compute capability: 7.0)
2020-01-16 13:25:39.308635: I tensorflow/core/common_runtime/process_util.cc:69] Creating new thread pool with default inter op setting: 2. Tune using inter_op_parallelism_threads for best performance.
dataset_name = /Messidor2_PNG_AUG_256.hdf5, batch_size = 64, num_classes = 5, epochs = 500, MCDO_amount_of_predictions = 500, MCDO_batch_size = 250, test_img_idx = 1377, train_test_split = 0.8, to_shuffle = True, augmentation = False, label_count = [1261, 1416, 1397, 1455, 1463], label_normalizer = True, save_augmentation_to_hdf5 = True, learn rate = 0.0001
x_train shape: (5593, 256, 256, 3)
5593 train samples
1399 test samples
block1_pool
3
block2_pool
7
block3_pool
12
block4_pool
17
block5_pool
22
_________________________________________________________________
Layer (type)                 Output Shape              Param #   
=================================================================
input_1 (InputLayer)         (None, 256, 256, 3)       0         
_________________________________________________________________
block1_conv1 (Conv2D)        (None, 256, 256, 64)      1792      
_________________________________________________________________
block1_conv2 (Conv2D)        (None, 256, 256, 64)      36928     
_________________________________________________________________
block1_pool (MaxPooling2D)   (None, 128, 128, 64)      0         
_________________________________________________________________
dropout (Dropout)            (None, 128, 128, 64)      0         
_________________________________________________________________
block2_conv1 (Conv2D)        (None, 128, 128, 128)     73856     
_________________________________________________________________
block2_conv2 (Conv2D)        (None, 128, 128, 128)     147584    
_________________________________________________________________
block2_pool (MaxPooling2D)   (None, 64, 64, 128)       0         
_________________________________________________________________
dropout_1 (Dropout)          (None, 64, 64, 128)       0         
_________________________________________________________________
block3_conv1 (Conv2D)        (None, 64, 64, 256)       295168    
_________________________________________________________________
block3_conv2 (Conv2D)        (None, 64, 64, 256)       590080    
_________________________________________________________________
block3_conv3 (Conv2D)        (None, 64, 64, 256)       590080    
_________________________________________________________________
block3_pool (MaxPooling2D)   (None, 32, 32, 256)       0         
_________________________________________________________________
dropout_2 (Dropout)          (None, 32, 32, 256)       0         
_________________________________________________________________
block4_conv1 (Conv2D)        (None, 32, 32, 512)       1180160   
_________________________________________________________________
block4_conv2 (Conv2D)        (None, 32, 32, 512)       2359808   
_________________________________________________________________
block4_conv3 (Conv2D)        (None, 32, 32, 512)       2359808   
_________________________________________________________________
block4_pool (MaxPooling2D)   (None, 16, 16, 512)       0         
_________________________________________________________________
dropout_3 (Dropout)          (None, 16, 16, 512)       0         
_________________________________________________________________
block5_conv1 (Conv2D)        (None, 16, 16, 512)       2359808   
_________________________________________________________________
block5_conv2 (Conv2D)        (None, 16, 16, 512)       2359808   
_________________________________________________________________
block5_conv3 (Conv2D)        (None, 16, 16, 512)       2359808   
_________________________________________________________________
block5_pool (MaxPooling2D)   (None, 8, 8, 512)         0         
_________________________________________________________________
dropout_4 (Dropout)          (None, 8, 8, 512)         0         
_________________________________________________________________
flatten (Flatten)            (None, 32768)             0         
_________________________________________________________________
dense (Dense)                (None, 5)                 163845    
=================================================================
Total params: 14,878,533
Trainable params: 14,878,533
Non-trainable params: 0
_________________________________________________________________
Start fitting monte carlo dropout model
Train on 5593 samples, validate on 1399 samples
Epoch 1/500
 - 54s - loss: 1.6251 - acc: 0.1994 - val_loss: 1.6095 - val_acc: 0.2009
Epoch 2/500
 - 43s - loss: 1.6092 - acc: 0.2036 - val_loss: 1.6088 - val_acc: 0.2066
Epoch 3/500
 - 43s - loss: 1.6092 - acc: 0.2053 - val_loss: 1.6099 - val_acc: 0.2066
Epoch 4/500
 - 43s - loss: 1.6090 - acc: 0.2079 - val_loss: 1.6090 - val_acc: 0.2066
Epoch 5/500
 - 43s - loss: 1.6088 - acc: 0.2097 - val_loss: 1.6089 - val_acc: 0.2051
Epoch 6/500
 - 43s - loss: 1.6086 - acc: 0.2076 - val_loss: 1.6096 - val_acc: 0.2123
Epoch 7/500
 - 43s - loss: 1.6089 - acc: 0.2099 - val_loss: 1.6082 - val_acc: 0.2066
Epoch 8/500
 - 43s - loss: 1.6085 - acc: 0.2067 - val_loss: 1.6092 - val_acc: 0.2066
Epoch 9/500
 - 43s - loss: 1.6091 - acc: 0.2099 - val_loss: 1.6091 - val_acc: 0.2066
Epoch 10/500
 - 43s - loss: 1.6090 - acc: 0.2099 - val_loss: 1.6090 - val_acc: 0.2066
Epoch 11/500
 - 43s - loss: 1.6090 - acc: 0.2099 - val_loss: 1.6090 - val_acc: 0.2066
Epoch 12/500
 - 43s - loss: 1.6089 - acc: 0.2099 - val_loss: 1.6089 - val_acc: 0.2066
Epoch 13/500
 - 43s - loss: 1.6088 - acc: 0.2099 - val_loss: 1.6089 - val_acc: 0.2066
Epoch 14/500
 - 43s - loss: 1.6088 - acc: 0.2099 - val_loss: 1.6088 - val_acc: 0.2066
Epoch 15/500
 - 43s - loss: 1.6087 - acc: 0.2099 - val_loss: 1.6088 - val_acc: 0.2066
