2020-04-28 15:15:14.012674: W tensorflow/stream_executor/platform/default/dso_loader.cc:55] Could not load dynamic library 'libnvinfer.so.6'; dlerror: libnvinfer.so.6: cannot open shared object file: No such file or directory
2020-04-28 15:15:14.012727: W tensorflow/stream_executor/platform/default/dso_loader.cc:55] Could not load dynamic library 'libnvinfer_plugin.so.6'; dlerror: libnvinfer_plugin.so.6: cannot open shared object file: No such file or directory
2020-04-28 15:15:14.012733: W tensorflow/compiler/tf2tensorrt/utils/py_utils.cc:30] Cannot dlopen some TensorRT libraries. If you would like to use Nvidia GPU with TensorRT, please make sure the missing libraries mentioned above are installed properly.
2020-04-28 15:15:14.569420: I tensorflow/stream_executor/platform/default/dso_loader.cc:44] Successfully opened dynamic library libcuda.so.1
2020-04-28 15:15:14.582335: I tensorflow/stream_executor/cuda/cuda_gpu_executor.cc:981] successful NUMA node read from SysFS had negative value (-1), but there must be at least one NUMA node, so returning NUMA node zero
2020-04-28 15:15:14.582617: I tensorflow/core/common_runtime/gpu/gpu_device.cc:1555] Found device 0 with properties: 
pciBusID: 0000:01:00.0 name: GeForce GTX 1070 computeCapability: 6.1
coreClock: 1.683GHz coreCount: 15 deviceMemorySize: 7.93GiB deviceMemoryBandwidth: 238.66GiB/s
2020-04-28 15:15:14.582754: I tensorflow/stream_executor/platform/default/dso_loader.cc:44] Successfully opened dynamic library libcudart.so.10.1
2020-04-28 15:15:14.583846: I tensorflow/stream_executor/platform/default/dso_loader.cc:44] Successfully opened dynamic library libcublas.so.10
2020-04-28 15:15:14.584830: I tensorflow/stream_executor/platform/default/dso_loader.cc:44] Successfully opened dynamic library libcufft.so.10
2020-04-28 15:15:14.584994: I tensorflow/stream_executor/platform/default/dso_loader.cc:44] Successfully opened dynamic library libcurand.so.10
2020-04-28 15:15:14.586054: I tensorflow/stream_executor/platform/default/dso_loader.cc:44] Successfully opened dynamic library libcusolver.so.10
2020-04-28 15:15:14.586699: I tensorflow/stream_executor/platform/default/dso_loader.cc:44] Successfully opened dynamic library libcusparse.so.10
2020-04-28 15:15:14.588900: I tensorflow/stream_executor/platform/default/dso_loader.cc:44] Successfully opened dynamic library libcudnn.so.7
2020-04-28 15:15:14.588970: I tensorflow/stream_executor/cuda/cuda_gpu_executor.cc:981] successful NUMA node read from SysFS had negative value (-1), but there must be at least one NUMA node, so returning NUMA node zero
2020-04-28 15:15:14.589476: I tensorflow/stream_executor/cuda/cuda_gpu_executor.cc:981] successful NUMA node read from SysFS had negative value (-1), but there must be at least one NUMA node, so returning NUMA node zero
2020-04-28 15:15:14.589841: I tensorflow/core/common_runtime/gpu/gpu_device.cc:1697] Adding visible gpu devices: 0
2020-04-28 15:15:14.590080: I tensorflow/core/platform/cpu_feature_guard.cc:142] Your CPU supports instructions that this TensorFlow binary was not compiled to use: AVX2 FMA
2020-04-28 15:15:14.611978: I tensorflow/core/platform/profile_utils/cpu_utils.cc:94] CPU Frequency: 3192000000 Hz
2020-04-28 15:15:14.613078: I tensorflow/compiler/xla/service/service.cc:168] XLA service 0x47a6ed0 initialized for platform Host (this does not guarantee that XLA will be used). Devices:
2020-04-28 15:15:14.613095: I tensorflow/compiler/xla/service/service.cc:176]   StreamExecutor device (0): Host, Default Version
2020-04-28 15:15:14.673391: I tensorflow/stream_executor/cuda/cuda_gpu_executor.cc:981] successful NUMA node read from SysFS had negative value (-1), but there must be at least one NUMA node, so returning NUMA node zero
2020-04-28 15:15:14.674328: I tensorflow/compiler/xla/service/service.cc:168] XLA service 0x5675620 initialized for platform CUDA (this does not guarantee that XLA will be used). Devices:
2020-04-28 15:15:14.674342: I tensorflow/compiler/xla/service/service.cc:176]   StreamExecutor device (0): GeForce GTX 1070, Compute Capability 6.1
2020-04-28 15:15:14.674457: I tensorflow/stream_executor/cuda/cuda_gpu_executor.cc:981] successful NUMA node read from SysFS had negative value (-1), but there must be at least one NUMA node, so returning NUMA node zero
2020-04-28 15:15:14.674738: I tensorflow/core/common_runtime/gpu/gpu_device.cc:1555] Found device 0 with properties: 
pciBusID: 0000:01:00.0 name: GeForce GTX 1070 computeCapability: 6.1
coreClock: 1.683GHz coreCount: 15 deviceMemorySize: 7.93GiB deviceMemoryBandwidth: 238.66GiB/s
2020-04-28 15:15:14.674762: I tensorflow/stream_executor/platform/default/dso_loader.cc:44] Successfully opened dynamic library libcudart.so.10.1
2020-04-28 15:15:14.674771: I tensorflow/stream_executor/platform/default/dso_loader.cc:44] Successfully opened dynamic library libcublas.so.10
2020-04-28 15:15:14.674779: I tensorflow/stream_executor/platform/default/dso_loader.cc:44] Successfully opened dynamic library libcufft.so.10
2020-04-28 15:15:14.674787: I tensorflow/stream_executor/platform/default/dso_loader.cc:44] Successfully opened dynamic library libcurand.so.10
2020-04-28 15:15:14.674794: I tensorflow/stream_executor/platform/default/dso_loader.cc:44] Successfully opened dynamic library libcusolver.so.10
2020-04-28 15:15:14.674801: I tensorflow/stream_executor/platform/default/dso_loader.cc:44] Successfully opened dynamic library libcusparse.so.10
2020-04-28 15:15:14.674809: I tensorflow/stream_executor/platform/default/dso_loader.cc:44] Successfully opened dynamic library libcudnn.so.7
2020-04-28 15:15:14.674838: I tensorflow/stream_executor/cuda/cuda_gpu_executor.cc:981] successful NUMA node read from SysFS had negative value (-1), but there must be at least one NUMA node, so returning NUMA node zero
2020-04-28 15:15:14.675116: I tensorflow/stream_executor/cuda/cuda_gpu_executor.cc:981] successful NUMA node read from SysFS had negative value (-1), but there must be at least one NUMA node, so returning NUMA node zero
2020-04-28 15:15:14.675396: I tensorflow/core/common_runtime/gpu/gpu_device.cc:1697] Adding visible gpu devices: 0
2020-04-28 15:15:14.675433: I tensorflow/stream_executor/platform/default/dso_loader.cc:44] Successfully opened dynamic library libcudart.so.10.1
2020-04-28 15:15:14.676056: I tensorflow/core/common_runtime/gpu/gpu_device.cc:1096] Device interconnect StreamExecutor with strength 1 edge matrix:
2020-04-28 15:15:14.676064: I tensorflow/core/common_runtime/gpu/gpu_device.cc:1102]      0 
2020-04-28 15:15:14.676068: I tensorflow/core/common_runtime/gpu/gpu_device.cc:1115] 0:   N 
2020-04-28 15:15:14.676126: I tensorflow/stream_executor/cuda/cuda_gpu_executor.cc:981] successful NUMA node read from SysFS had negative value (-1), but there must be at least one NUMA node, so returning NUMA node zero
2020-04-28 15:15:14.676414: I tensorflow/stream_executor/cuda/cuda_gpu_executor.cc:981] successful NUMA node read from SysFS had negative value (-1), but there must be at least one NUMA node, so returning NUMA node zero
2020-04-28 15:15:14.676691: I tensorflow/core/common_runtime/gpu/gpu_device.cc:1241] Created TensorFlow device (/job:localhost/replica:0/task:0/device:GPU:0 with 7612 MB memory) -> physical GPU (device: 0, name: GeForce GTX 1070, pci bus id: 0000:01:00.0, compute capability: 6.1)
WARNING:tensorflow:sample_weight modes were coerced from
  ...
    to  
  ['...']
WARNING:tensorflow:sample_weight modes were coerced from
  ...
    to  
  ['...']
2020-04-28 15:15:15.667980: I tensorflow/stream_executor/platform/default/dso_loader.cc:44] Successfully opened dynamic library libcublas.so.10
2020-04-28 15:15:15.784629: I tensorflow/stream_executor/platform/default/dso_loader.cc:44] Successfully opened dynamic library libcudnn.so.7
2020-04-28 15:15:18.188351: I tensorflow/core/profiler/lib/profiler_session.cc:225] Profiler session started.
2020-04-28 15:15:18.188390: I tensorflow/core/profiler/internal/gpu/cupti_tracer.cc:1259] Profiler found 1 GPUs
2020-04-28 15:15:18.188471: W tensorflow/stream_executor/platform/default/dso_loader.cc:55] Could not load dynamic library 'libcupti.so.10.1'; dlerror: libcupti.so.10.1: cannot open shared object file: No such file or directory
2020-04-28 15:15:18.188484: E tensorflow/core/profiler/internal/gpu/cupti_tracer.cc:1307] function cupti_interface_->Subscribe( &subscriber_, (CUpti_CallbackFunc)ApiCallback, this)failed with error CUPTI could not be loaded or symbol could not be found.
2020-04-28 15:15:18.188491: E tensorflow/core/profiler/internal/gpu/cupti_tracer.cc:1346] function cupti_interface_->ActivityRegisterCallbacks( AllocCuptiActivityBuffer, FreeCuptiActivityBuffer)failed with error CUPTI could not be loaded or symbol could not be found.
2020-04-28 15:15:18.462068: E tensorflow/core/profiler/internal/gpu/cupti_tracer.cc:1329] function cupti_interface_->EnableCallback( 0 , subscriber_, CUPTI_CB_DOMAIN_DRIVER_API, cbid)failed with error CUPTI could not be loaded or symbol could not be found.
2020-04-28 15:15:18.462084: I tensorflow/core/profiler/internal/gpu/device_tracer.cc:88]  GpuTracer has collected 0 callback api events and 0 activity events.
WARNING:tensorflow:sample_weight modes were coerced from
  ...
    to  
  ['...']
WARNING:tensorflow:sample_weight modes were coerced from
  ...
    to  
  ['...']
2020-04-28 15:15:34.911484: I tensorflow/core/profiler/lib/profiler_session.cc:225] Profiler session started.
2020-04-28 15:15:34.911516: E tensorflow/core/profiler/internal/gpu/cupti_tracer.cc:1307] function cupti_interface_->Subscribe( &subscriber_, (CUpti_CallbackFunc)ApiCallback, this)failed with error CUPTI could not be loaded or symbol could not be found.
2020-04-28 15:15:34.911535: E tensorflow/core/profiler/internal/gpu/cupti_tracer.cc:1346] function cupti_interface_->ActivityRegisterCallbacks( AllocCuptiActivityBuffer, FreeCuptiActivityBuffer)failed with error CUPTI could not be loaded or symbol could not be found.
2020-04-28 15:15:35.190884: E tensorflow/core/profiler/internal/gpu/cupti_tracer.cc:1329] function cupti_interface_->EnableCallback( 0 , subscriber_, CUPTI_CB_DOMAIN_DRIVER_API, cbid)failed with error CUPTI could not be loaded or symbol could not be found.
2020-04-28 15:15:35.190901: I tensorflow/core/profiler/internal/gpu/device_tracer.cc:88]  GpuTracer has collected 0 callback api events and 0 activity events.
2020-04-28 15:18:18.597567: W tensorflow/stream_executor/platform/default/dso_loader.cc:55] Could not load dynamic library 'libnvinfer.so.6'; dlerror: libnvinfer.so.6: cannot open shared object file: No such file or directory
2020-04-28 15:18:18.597617: W tensorflow/stream_executor/platform/default/dso_loader.cc:55] Could not load dynamic library 'libnvinfer_plugin.so.6'; dlerror: libnvinfer_plugin.so.6: cannot open shared object file: No such file or directory
2020-04-28 15:18:18.597623: W tensorflow/compiler/tf2tensorrt/utils/py_utils.cc:30] Cannot dlopen some TensorRT libraries. If you would like to use Nvidia GPU with TensorRT, please make sure the missing libraries mentioned above are installed properly.
2020-04-28 15:18:19.167699: I tensorflow/stream_executor/platform/default/dso_loader.cc:44] Successfully opened dynamic library libcuda.so.1
2020-04-28 15:18:19.180990: I tensorflow/stream_executor/cuda/cuda_gpu_executor.cc:981] successful NUMA node read from SysFS had negative value (-1), but there must be at least one NUMA node, so returning NUMA node zero
2020-04-28 15:18:19.181486: I tensorflow/core/common_runtime/gpu/gpu_device.cc:1555] Found device 0 with properties: 
pciBusID: 0000:01:00.0 name: GeForce GTX 1070 computeCapability: 6.1
coreClock: 1.683GHz coreCount: 15 deviceMemorySize: 7.93GiB deviceMemoryBandwidth: 238.66GiB/s
2020-04-28 15:18:19.181625: I tensorflow/stream_executor/platform/default/dso_loader.cc:44] Successfully opened dynamic library libcudart.so.10.1
2020-04-28 15:18:19.182663: I tensorflow/stream_executor/platform/default/dso_loader.cc:44] Successfully opened dynamic library libcublas.so.10
2020-04-28 15:18:19.183731: I tensorflow/stream_executor/platform/default/dso_loader.cc:44] Successfully opened dynamic library libcufft.so.10
2020-04-28 15:18:19.183902: I tensorflow/stream_executor/platform/default/dso_loader.cc:44] Successfully opened dynamic library libcurand.so.10
2020-04-28 15:18:19.184993: I tensorflow/stream_executor/platform/default/dso_loader.cc:44] Successfully opened dynamic library libcusolver.so.10
2020-04-28 15:18:19.185604: I tensorflow/stream_executor/platform/default/dso_loader.cc:44] Successfully opened dynamic library libcusparse.so.10
2020-04-28 15:18:19.187991: I tensorflow/stream_executor/platform/default/dso_loader.cc:44] Successfully opened dynamic library libcudnn.so.7
2020-04-28 15:18:19.188064: I tensorflow/stream_executor/cuda/cuda_gpu_executor.cc:981] successful NUMA node read from SysFS had negative value (-1), but there must be at least one NUMA node, so returning NUMA node zero
2020-04-28 15:18:19.188580: I tensorflow/stream_executor/cuda/cuda_gpu_executor.cc:981] successful NUMA node read from SysFS had negative value (-1), but there must be at least one NUMA node, so returning NUMA node zero
2020-04-28 15:18:19.188939: I tensorflow/core/common_runtime/gpu/gpu_device.cc:1697] Adding visible gpu devices: 0
2020-04-28 15:18:19.189121: I tensorflow/core/platform/cpu_feature_guard.cc:142] Your CPU supports instructions that this TensorFlow binary was not compiled to use: AVX2 FMA
2020-04-28 15:18:19.211854: I tensorflow/core/platform/profile_utils/cpu_utils.cc:94] CPU Frequency: 3192000000 Hz
2020-04-28 15:18:19.212774: I tensorflow/compiler/xla/service/service.cc:168] XLA service 0x3e56c90 initialized for platform Host (this does not guarantee that XLA will be used). Devices:
2020-04-28 15:18:19.212792: I tensorflow/compiler/xla/service/service.cc:176]   StreamExecutor device (0): Host, Default Version
2020-04-28 15:18:19.266209: I tensorflow/stream_executor/cuda/cuda_gpu_executor.cc:981] successful NUMA node read from SysFS had negative value (-1), but there must be at least one NUMA node, so returning NUMA node zero
2020-04-28 15:18:19.266573: I tensorflow/compiler/xla/service/service.cc:168] XLA service 0x4d26030 initialized for platform CUDA (this does not guarantee that XLA will be used). Devices:
2020-04-28 15:18:19.266586: I tensorflow/compiler/xla/service/service.cc:176]   StreamExecutor device (0): GeForce GTX 1070, Compute Capability 6.1
2020-04-28 15:18:19.266697: I tensorflow/stream_executor/cuda/cuda_gpu_executor.cc:981] successful NUMA node read from SysFS had negative value (-1), but there must be at least one NUMA node, so returning NUMA node zero
2020-04-28 15:18:19.266975: I tensorflow/core/common_runtime/gpu/gpu_device.cc:1555] Found device 0 with properties: 
pciBusID: 0000:01:00.0 name: GeForce GTX 1070 computeCapability: 6.1
coreClock: 1.683GHz coreCount: 15 deviceMemorySize: 7.93GiB deviceMemoryBandwidth: 238.66GiB/s
2020-04-28 15:18:19.266999: I tensorflow/stream_executor/platform/default/dso_loader.cc:44] Successfully opened dynamic library libcudart.so.10.1
2020-04-28 15:18:19.267009: I tensorflow/stream_executor/platform/default/dso_loader.cc:44] Successfully opened dynamic library libcublas.so.10
2020-04-28 15:18:19.267017: I tensorflow/stream_executor/platform/default/dso_loader.cc:44] Successfully opened dynamic library libcufft.so.10
2020-04-28 15:18:19.267025: I tensorflow/stream_executor/platform/default/dso_loader.cc:44] Successfully opened dynamic library libcurand.so.10
2020-04-28 15:18:19.267032: I tensorflow/stream_executor/platform/default/dso_loader.cc:44] Successfully opened dynamic library libcusolver.so.10
2020-04-28 15:18:19.267040: I tensorflow/stream_executor/platform/default/dso_loader.cc:44] Successfully opened dynamic library libcusparse.so.10
2020-04-28 15:18:19.267048: I tensorflow/stream_executor/platform/default/dso_loader.cc:44] Successfully opened dynamic library libcudnn.so.7
2020-04-28 15:18:19.267078: I tensorflow/stream_executor/cuda/cuda_gpu_executor.cc:981] successful NUMA node read from SysFS had negative value (-1), but there must be at least one NUMA node, so returning NUMA node zero
2020-04-28 15:18:19.267373: I tensorflow/stream_executor/cuda/cuda_gpu_executor.cc:981] successful NUMA node read from SysFS had negative value (-1), but there must be at least one NUMA node, so returning NUMA node zero
2020-04-28 15:18:19.267643: I tensorflow/core/common_runtime/gpu/gpu_device.cc:1697] Adding visible gpu devices: 0
2020-04-28 15:18:19.267664: I tensorflow/stream_executor/platform/default/dso_loader.cc:44] Successfully opened dynamic library libcudart.so.10.1
2020-04-28 15:18:19.268298: I tensorflow/core/common_runtime/gpu/gpu_device.cc:1096] Device interconnect StreamExecutor with strength 1 edge matrix:
2020-04-28 15:18:19.268306: I tensorflow/core/common_runtime/gpu/gpu_device.cc:1102]      0 
2020-04-28 15:18:19.268310: I tensorflow/core/common_runtime/gpu/gpu_device.cc:1115] 0:   N 
2020-04-28 15:18:19.268371: I tensorflow/stream_executor/cuda/cuda_gpu_executor.cc:981] successful NUMA node read from SysFS had negative value (-1), but there must be at least one NUMA node, so returning NUMA node zero
2020-04-28 15:18:19.268660: I tensorflow/stream_executor/cuda/cuda_gpu_executor.cc:981] successful NUMA node read from SysFS had negative value (-1), but there must be at least one NUMA node, so returning NUMA node zero
2020-04-28 15:18:19.268939: I tensorflow/core/common_runtime/gpu/gpu_device.cc:1241] Created TensorFlow device (/job:localhost/replica:0/task:0/device:GPU:0 with 7612 MB memory) -> physical GPU (device: 0, name: GeForce GTX 1070, pci bus id: 0000:01:00.0, compute capability: 6.1)
WARNING:tensorflow:sample_weight modes were coerced from
  ...
    to  
  ['...']
WARNING:tensorflow:sample_weight modes were coerced from
  ...
    to  
  ['...']
2020-04-28 15:18:20.247789: I tensorflow/stream_executor/platform/default/dso_loader.cc:44] Successfully opened dynamic library libcublas.so.10
2020-04-28 15:18:20.364022: I tensorflow/stream_executor/platform/default/dso_loader.cc:44] Successfully opened dynamic library libcudnn.so.7
2020-04-28 15:18:22.773080: I tensorflow/core/profiler/lib/profiler_session.cc:225] Profiler session started.
2020-04-28 15:18:22.773120: I tensorflow/core/profiler/internal/gpu/cupti_tracer.cc:1259] Profiler found 1 GPUs
2020-04-28 15:18:22.773202: W tensorflow/stream_executor/platform/default/dso_loader.cc:55] Could not load dynamic library 'libcupti.so.10.1'; dlerror: libcupti.so.10.1: cannot open shared object file: No such file or directory
2020-04-28 15:18:22.773210: E tensorflow/core/profiler/internal/gpu/cupti_tracer.cc:1307] function cupti_interface_->Subscribe( &subscriber_, (CUpti_CallbackFunc)ApiCallback, this)failed with error CUPTI could not be loaded or symbol could not be found.
2020-04-28 15:18:22.773216: E tensorflow/core/profiler/internal/gpu/cupti_tracer.cc:1346] function cupti_interface_->ActivityRegisterCallbacks( AllocCuptiActivityBuffer, FreeCuptiActivityBuffer)failed with error CUPTI could not be loaded or symbol could not be found.
2020-04-28 15:18:23.050189: E tensorflow/core/profiler/internal/gpu/cupti_tracer.cc:1329] function cupti_interface_->EnableCallback( 0 , subscriber_, CUPTI_CB_DOMAIN_DRIVER_API, cbid)failed with error CUPTI could not be loaded or symbol could not be found.
2020-04-28 15:18:23.050224: I tensorflow/core/profiler/internal/gpu/device_tracer.cc:88]  GpuTracer has collected 0 callback api events and 0 activity events.
WARNING:tensorflow:sample_weight modes were coerced from
  ...
    to  
  ['...']
WARNING:tensorflow:sample_weight modes were coerced from
  ...
    to  
  ['...']
2020-04-28 15:18:39.564721: I tensorflow/core/profiler/lib/profiler_session.cc:225] Profiler session started.
2020-04-28 15:18:39.564766: E tensorflow/core/profiler/internal/gpu/cupti_tracer.cc:1307] function cupti_interface_->Subscribe( &subscriber_, (CUpti_CallbackFunc)ApiCallback, this)failed with error CUPTI could not be loaded or symbol could not be found.
2020-04-28 15:18:39.564772: E tensorflow/core/profiler/internal/gpu/cupti_tracer.cc:1346] function cupti_interface_->ActivityRegisterCallbacks( AllocCuptiActivityBuffer, FreeCuptiActivityBuffer)failed with error CUPTI could not be loaded or symbol could not be found.
2020-04-28 15:18:39.841913: E tensorflow/core/profiler/internal/gpu/cupti_tracer.cc:1329] function cupti_interface_->EnableCallback( 0 , subscriber_, CUPTI_CB_DOMAIN_DRIVER_API, cbid)failed with error CUPTI could not be loaded or symbol could not be found.
2020-04-28 15:18:39.841937: I tensorflow/core/profiler/internal/gpu/device_tracer.cc:88]  GpuTracer has collected 0 callback api events and 0 activity events.
2020-04-28 15:22:27.517305: W tensorflow/stream_executor/platform/default/dso_loader.cc:55] Could not load dynamic library 'libnvinfer.so.6'; dlerror: libnvinfer.so.6: cannot open shared object file: No such file or directory
2020-04-28 15:22:27.517354: W tensorflow/stream_executor/platform/default/dso_loader.cc:55] Could not load dynamic library 'libnvinfer_plugin.so.6'; dlerror: libnvinfer_plugin.so.6: cannot open shared object file: No such file or directory
2020-04-28 15:22:27.517360: W tensorflow/compiler/tf2tensorrt/utils/py_utils.cc:30] Cannot dlopen some TensorRT libraries. If you would like to use Nvidia GPU with TensorRT, please make sure the missing libraries mentioned above are installed properly.
2020-04-28 15:22:28.081825: I tensorflow/stream_executor/platform/default/dso_loader.cc:44] Successfully opened dynamic library libcuda.so.1
2020-04-28 15:22:28.098451: I tensorflow/stream_executor/cuda/cuda_gpu_executor.cc:981] successful NUMA node read from SysFS had negative value (-1), but there must be at least one NUMA node, so returning NUMA node zero
2020-04-28 15:22:28.099034: I tensorflow/core/common_runtime/gpu/gpu_device.cc:1555] Found device 0 with properties: 
pciBusID: 0000:01:00.0 name: GeForce GTX 1070 computeCapability: 6.1
coreClock: 1.683GHz coreCount: 15 deviceMemorySize: 7.93GiB deviceMemoryBandwidth: 238.66GiB/s
2020-04-28 15:22:28.099202: I tensorflow/stream_executor/platform/default/dso_loader.cc:44] Successfully opened dynamic library libcudart.so.10.1
2020-04-28 15:22:28.100654: I tensorflow/stream_executor/platform/default/dso_loader.cc:44] Successfully opened dynamic library libcublas.so.10
2020-04-28 15:22:28.101918: I tensorflow/stream_executor/platform/default/dso_loader.cc:44] Successfully opened dynamic library libcufft.so.10
2020-04-28 15:22:28.102143: I tensorflow/stream_executor/platform/default/dso_loader.cc:44] Successfully opened dynamic library libcurand.so.10
2020-04-28 15:22:28.103690: I tensorflow/stream_executor/platform/default/dso_loader.cc:44] Successfully opened dynamic library libcusolver.so.10
2020-04-28 15:22:28.104570: I tensorflow/stream_executor/platform/default/dso_loader.cc:44] Successfully opened dynamic library libcusparse.so.10
2020-04-28 15:22:28.107638: I tensorflow/stream_executor/platform/default/dso_loader.cc:44] Successfully opened dynamic library libcudnn.so.7
2020-04-28 15:22:28.107729: I tensorflow/stream_executor/cuda/cuda_gpu_executor.cc:981] successful NUMA node read from SysFS had negative value (-1), but there must be at least one NUMA node, so returning NUMA node zero
2020-04-28 15:22:28.108360: I tensorflow/stream_executor/cuda/cuda_gpu_executor.cc:981] successful NUMA node read from SysFS had negative value (-1), but there must be at least one NUMA node, so returning NUMA node zero
2020-04-28 15:22:28.108830: I tensorflow/core/common_runtime/gpu/gpu_device.cc:1697] Adding visible gpu devices: 0
2020-04-28 15:22:28.109052: I tensorflow/core/platform/cpu_feature_guard.cc:142] Your CPU supports instructions that this TensorFlow binary was not compiled to use: AVX2 FMA
2020-04-28 15:22:28.131646: I tensorflow/core/platform/profile_utils/cpu_utils.cc:94] CPU Frequency: 3192000000 Hz
2020-04-28 15:22:28.132484: I tensorflow/compiler/xla/service/service.cc:168] XLA service 0x3b2af00 initialized for platform Host (this does not guarantee that XLA will be used). Devices:
2020-04-28 15:22:28.132498: I tensorflow/compiler/xla/service/service.cc:176]   StreamExecutor device (0): Host, Default Version
2020-04-28 15:22:28.186064: I tensorflow/stream_executor/cuda/cuda_gpu_executor.cc:981] successful NUMA node read from SysFS had negative value (-1), but there must be at least one NUMA node, so returning NUMA node zero
2020-04-28 15:22:28.186427: I tensorflow/compiler/xla/service/service.cc:168] XLA service 0x52179e0 initialized for platform CUDA (this does not guarantee that XLA will be used). Devices:
2020-04-28 15:22:28.186449: I tensorflow/compiler/xla/service/service.cc:176]   StreamExecutor device (0): GeForce GTX 1070, Compute Capability 6.1
2020-04-28 15:22:28.186559: I tensorflow/stream_executor/cuda/cuda_gpu_executor.cc:981] successful NUMA node read from SysFS had negative value (-1), but there must be at least one NUMA node, so returning NUMA node zero
2020-04-28 15:22:28.186840: I tensorflow/core/common_runtime/gpu/gpu_device.cc:1555] Found device 0 with properties: 
pciBusID: 0000:01:00.0 name: GeForce GTX 1070 computeCapability: 6.1
coreClock: 1.683GHz coreCount: 15 deviceMemorySize: 7.93GiB deviceMemoryBandwidth: 238.66GiB/s
2020-04-28 15:22:28.186865: I tensorflow/stream_executor/platform/default/dso_loader.cc:44] Successfully opened dynamic library libcudart.so.10.1
2020-04-28 15:22:28.186874: I tensorflow/stream_executor/platform/default/dso_loader.cc:44] Successfully opened dynamic library libcublas.so.10
2020-04-28 15:22:28.186883: I tensorflow/stream_executor/platform/default/dso_loader.cc:44] Successfully opened dynamic library libcufft.so.10
2020-04-28 15:22:28.186891: I tensorflow/stream_executor/platform/default/dso_loader.cc:44] Successfully opened dynamic library libcurand.so.10
2020-04-28 15:22:28.186899: I tensorflow/stream_executor/platform/default/dso_loader.cc:44] Successfully opened dynamic library libcusolver.so.10
2020-04-28 15:22:28.186907: I tensorflow/stream_executor/platform/default/dso_loader.cc:44] Successfully opened dynamic library libcusparse.so.10
2020-04-28 15:22:28.186915: I tensorflow/stream_executor/platform/default/dso_loader.cc:44] Successfully opened dynamic library libcudnn.so.7
2020-04-28 15:22:28.186949: I tensorflow/stream_executor/cuda/cuda_gpu_executor.cc:981] successful NUMA node read from SysFS had negative value (-1), but there must be at least one NUMA node, so returning NUMA node zero
2020-04-28 15:22:28.187233: I tensorflow/stream_executor/cuda/cuda_gpu_executor.cc:981] successful NUMA node read from SysFS had negative value (-1), but there must be at least one NUMA node, so returning NUMA node zero
2020-04-28 15:22:28.187511: I tensorflow/core/common_runtime/gpu/gpu_device.cc:1697] Adding visible gpu devices: 0
2020-04-28 15:22:28.187535: I tensorflow/stream_executor/platform/default/dso_loader.cc:44] Successfully opened dynamic library libcudart.so.10.1
2020-04-28 15:22:28.188153: I tensorflow/core/common_runtime/gpu/gpu_device.cc:1096] Device interconnect StreamExecutor with strength 1 edge matrix:
2020-04-28 15:22:28.188162: I tensorflow/core/common_runtime/gpu/gpu_device.cc:1102]      0 
2020-04-28 15:22:28.188166: I tensorflow/core/common_runtime/gpu/gpu_device.cc:1115] 0:   N 
2020-04-28 15:22:28.188228: I tensorflow/stream_executor/cuda/cuda_gpu_executor.cc:981] successful NUMA node read from SysFS had negative value (-1), but there must be at least one NUMA node, so returning NUMA node zero
2020-04-28 15:22:28.188523: I tensorflow/stream_executor/cuda/cuda_gpu_executor.cc:981] successful NUMA node read from SysFS had negative value (-1), but there must be at least one NUMA node, so returning NUMA node zero
2020-04-28 15:22:28.188807: I tensorflow/core/common_runtime/gpu/gpu_device.cc:1241] Created TensorFlow device (/job:localhost/replica:0/task:0/device:GPU:0 with 7612 MB memory) -> physical GPU (device: 0, name: GeForce GTX 1070, pci bus id: 0000:01:00.0, compute capability: 6.1)
WARNING:tensorflow:sample_weight modes were coerced from
  ...
    to  
  ['...']
WARNING:tensorflow:sample_weight modes were coerced from
  ...
    to  
  ['...']
2020-04-28 15:22:29.297840: I tensorflow/stream_executor/platform/default/dso_loader.cc:44] Successfully opened dynamic library libcublas.so.10
2020-04-28 15:22:29.417318: I tensorflow/stream_executor/platform/default/dso_loader.cc:44] Successfully opened dynamic library libcudnn.so.7
2020-04-28 15:22:31.824497: I tensorflow/core/profiler/lib/profiler_session.cc:225] Profiler session started.
2020-04-28 15:22:31.824543: I tensorflow/core/profiler/internal/gpu/cupti_tracer.cc:1259] Profiler found 1 GPUs
2020-04-28 15:22:31.824633: W tensorflow/stream_executor/platform/default/dso_loader.cc:55] Could not load dynamic library 'libcupti.so.10.1'; dlerror: libcupti.so.10.1: cannot open shared object file: No such file or directory
2020-04-28 15:22:31.824642: E tensorflow/core/profiler/internal/gpu/cupti_tracer.cc:1307] function cupti_interface_->Subscribe( &subscriber_, (CUpti_CallbackFunc)ApiCallback, this)failed with error CUPTI could not be loaded or symbol could not be found.
2020-04-28 15:22:31.824646: E tensorflow/core/profiler/internal/gpu/cupti_tracer.cc:1346] function cupti_interface_->ActivityRegisterCallbacks( AllocCuptiActivityBuffer, FreeCuptiActivityBuffer)failed with error CUPTI could not be loaded or symbol could not be found.
2020-04-28 15:22:32.101184: E tensorflow/core/profiler/internal/gpu/cupti_tracer.cc:1329] function cupti_interface_->EnableCallback( 0 , subscriber_, CUPTI_CB_DOMAIN_DRIVER_API, cbid)failed with error CUPTI could not be loaded or symbol could not be found.
2020-04-28 15:22:32.101201: I tensorflow/core/profiler/internal/gpu/device_tracer.cc:88]  GpuTracer has collected 0 callback api events and 0 activity events.
WARNING:tensorflow:sample_weight modes were coerced from
  ...
    to  
  ['...']
WARNING:tensorflow:sample_weight modes were coerced from
  ...
    to  
  ['...']
2020-04-28 15:23:10.139525: I tensorflow/core/profiler/lib/profiler_session.cc:225] Profiler session started.
2020-04-28 15:23:10.139553: E tensorflow/core/profiler/internal/gpu/cupti_tracer.cc:1307] function cupti_interface_->Subscribe( &subscriber_, (CUpti_CallbackFunc)ApiCallback, this)failed with error CUPTI could not be loaded or symbol could not be found.
2020-04-28 15:23:10.139560: E tensorflow/core/profiler/internal/gpu/cupti_tracer.cc:1346] function cupti_interface_->ActivityRegisterCallbacks( AllocCuptiActivityBuffer, FreeCuptiActivityBuffer)failed with error CUPTI could not be loaded or symbol could not be found.
2020-04-28 15:23:10.421135: E tensorflow/core/profiler/internal/gpu/cupti_tracer.cc:1329] function cupti_interface_->EnableCallback( 0 , subscriber_, CUPTI_CB_DOMAIN_DRIVER_API, cbid)failed with error CUPTI could not be loaded or symbol could not be found.
2020-04-28 15:23:10.421153: I tensorflow/core/profiler/internal/gpu/device_tracer.cc:88]  GpuTracer has collected 0 callback api events and 0 activity events.
