2020-03-25 12:59:51.681558: W tensorflow/stream_executor/platform/default/dso_loader.cc:55] Could not load dynamic library 'libnvinfer.so.6'; dlerror: libnvinfer.so.6: cannot open shared object file: No such file or directory
2020-03-25 12:59:51.681614: W tensorflow/stream_executor/platform/default/dso_loader.cc:55] Could not load dynamic library 'libnvinfer_plugin.so.6'; dlerror: libnvinfer_plugin.so.6: cannot open shared object file: No such file or directory
2020-03-25 12:59:51.681619: W tensorflow/compiler/tf2tensorrt/utils/py_utils.cc:30] Cannot dlopen some TensorRT libraries. If you would like to use Nvidia GPU with TensorRT, please make sure the missing libraries mentioned above are installed properly.
2020-03-25 12:59:52.243957: I tensorflow/stream_executor/platform/default/dso_loader.cc:44] Successfully opened dynamic library libcuda.so.1
2020-03-25 12:59:52.256126: I tensorflow/stream_executor/cuda/cuda_gpu_executor.cc:981] successful NUMA node read from SysFS had negative value (-1), but there must be at least one NUMA node, so returning NUMA node zero
2020-03-25 12:59:52.256419: I tensorflow/core/common_runtime/gpu/gpu_device.cc:1555] Found device 0 with properties: 
pciBusID: 0000:01:00.0 name: GeForce GTX 1070 computeCapability: 6.1
coreClock: 1.683GHz coreCount: 15 deviceMemorySize: 7.93GiB deviceMemoryBandwidth: 238.66GiB/s
2020-03-25 12:59:52.256553: I tensorflow/stream_executor/platform/default/dso_loader.cc:44] Successfully opened dynamic library libcudart.so.10.1
2020-03-25 12:59:52.257552: I tensorflow/stream_executor/platform/default/dso_loader.cc:44] Successfully opened dynamic library libcublas.so.10
2020-03-25 12:59:52.258549: I tensorflow/stream_executor/platform/default/dso_loader.cc:44] Successfully opened dynamic library libcufft.so.10
2020-03-25 12:59:52.258712: I tensorflow/stream_executor/platform/default/dso_loader.cc:44] Successfully opened dynamic library libcurand.so.10
2020-03-25 12:59:52.259913: I tensorflow/stream_executor/platform/default/dso_loader.cc:44] Successfully opened dynamic library libcusolver.so.10
2020-03-25 12:59:52.260689: I tensorflow/stream_executor/platform/default/dso_loader.cc:44] Successfully opened dynamic library libcusparse.so.10
2020-03-25 12:59:52.263565: I tensorflow/stream_executor/platform/default/dso_loader.cc:44] Successfully opened dynamic library libcudnn.so.7
2020-03-25 12:59:52.263656: I tensorflow/stream_executor/cuda/cuda_gpu_executor.cc:981] successful NUMA node read from SysFS had negative value (-1), but there must be at least one NUMA node, so returning NUMA node zero
2020-03-25 12:59:52.264011: I tensorflow/stream_executor/cuda/cuda_gpu_executor.cc:981] successful NUMA node read from SysFS had negative value (-1), but there must be at least one NUMA node, so returning NUMA node zero
2020-03-25 12:59:52.264265: I tensorflow/core/common_runtime/gpu/gpu_device.cc:1697] Adding visible gpu devices: 0
2020-03-25 12:59:52.264434: I tensorflow/core/platform/cpu_feature_guard.cc:142] Your CPU supports instructions that this TensorFlow binary was not compiled to use: AVX2 FMA
2020-03-25 12:59:52.287865: I tensorflow/core/platform/profile_utils/cpu_utils.cc:94] CPU Frequency: 3192000000 Hz
2020-03-25 12:59:52.288851: I tensorflow/compiler/xla/service/service.cc:168] XLA service 0x3bb3dc0 initialized for platform Host (this does not guarantee that XLA will be used). Devices:
2020-03-25 12:59:52.288867: I tensorflow/compiler/xla/service/service.cc:176]   StreamExecutor device (0): Host, Default Version
2020-03-25 12:59:52.333124: I tensorflow/stream_executor/cuda/cuda_gpu_executor.cc:981] successful NUMA node read from SysFS had negative value (-1), but there must be at least one NUMA node, so returning NUMA node zero
2020-03-25 12:59:52.333486: I tensorflow/compiler/xla/service/service.cc:168] XLA service 0x5ce9240 initialized for platform CUDA (this does not guarantee that XLA will be used). Devices:
2020-03-25 12:59:52.333500: I tensorflow/compiler/xla/service/service.cc:176]   StreamExecutor device (0): GeForce GTX 1070, Compute Capability 6.1
2020-03-25 12:59:52.333610: I tensorflow/stream_executor/cuda/cuda_gpu_executor.cc:981] successful NUMA node read from SysFS had negative value (-1), but there must be at least one NUMA node, so returning NUMA node zero
2020-03-25 12:59:52.333891: I tensorflow/core/common_runtime/gpu/gpu_device.cc:1555] Found device 0 with properties: 
pciBusID: 0000:01:00.0 name: GeForce GTX 1070 computeCapability: 6.1
coreClock: 1.683GHz coreCount: 15 deviceMemorySize: 7.93GiB deviceMemoryBandwidth: 238.66GiB/s
2020-03-25 12:59:52.333919: I tensorflow/stream_executor/platform/default/dso_loader.cc:44] Successfully opened dynamic library libcudart.so.10.1
2020-03-25 12:59:52.333930: I tensorflow/stream_executor/platform/default/dso_loader.cc:44] Successfully opened dynamic library libcublas.so.10
2020-03-25 12:59:52.333939: I tensorflow/stream_executor/platform/default/dso_loader.cc:44] Successfully opened dynamic library libcufft.so.10
2020-03-25 12:59:52.333948: I tensorflow/stream_executor/platform/default/dso_loader.cc:44] Successfully opened dynamic library libcurand.so.10
2020-03-25 12:59:52.333957: I tensorflow/stream_executor/platform/default/dso_loader.cc:44] Successfully opened dynamic library libcusolver.so.10
2020-03-25 12:59:52.333966: I tensorflow/stream_executor/platform/default/dso_loader.cc:44] Successfully opened dynamic library libcusparse.so.10
2020-03-25 12:59:52.333975: I tensorflow/stream_executor/platform/default/dso_loader.cc:44] Successfully opened dynamic library libcudnn.so.7
2020-03-25 12:59:52.334006: I tensorflow/stream_executor/cuda/cuda_gpu_executor.cc:981] successful NUMA node read from SysFS had negative value (-1), but there must be at least one NUMA node, so returning NUMA node zero
2020-03-25 12:59:52.334287: I tensorflow/stream_executor/cuda/cuda_gpu_executor.cc:981] successful NUMA node read from SysFS had negative value (-1), but there must be at least one NUMA node, so returning NUMA node zero
2020-03-25 12:59:52.334541: I tensorflow/core/common_runtime/gpu/gpu_device.cc:1697] Adding visible gpu devices: 0
2020-03-25 12:59:52.334562: I tensorflow/stream_executor/platform/default/dso_loader.cc:44] Successfully opened dynamic library libcudart.so.10.1
2020-03-25 12:59:52.335181: I tensorflow/core/common_runtime/gpu/gpu_device.cc:1096] Device interconnect StreamExecutor with strength 1 edge matrix:
2020-03-25 12:59:52.335189: I tensorflow/core/common_runtime/gpu/gpu_device.cc:1102]      0 
2020-03-25 12:59:52.335193: I tensorflow/core/common_runtime/gpu/gpu_device.cc:1115] 0:   N 
2020-03-25 12:59:52.335252: I tensorflow/stream_executor/cuda/cuda_gpu_executor.cc:981] successful NUMA node read from SysFS had negative value (-1), but there must be at least one NUMA node, so returning NUMA node zero
2020-03-25 12:59:52.335590: I tensorflow/stream_executor/cuda/cuda_gpu_executor.cc:981] successful NUMA node read from SysFS had negative value (-1), but there must be at least one NUMA node, so returning NUMA node zero
2020-03-25 12:59:52.335868: I tensorflow/core/common_runtime/gpu/gpu_device.cc:1241] Created TensorFlow device (/job:localhost/replica:0/task:0/device:GPU:0 with 7612 MB memory) -> physical GPU (device: 0, name: GeForce GTX 1070, pci bus id: 0000:01:00.0, compute capability: 6.1)
WARNING:tensorflow:sample_weight modes were coerced from
  ...
    to  
  ['...']
WARNING:tensorflow:sample_weight modes were coerced from
  ...
    to  
  ['...']
2020-03-25 12:59:53.354622: I tensorflow/stream_executor/platform/default/dso_loader.cc:44] Successfully opened dynamic library libcublas.so.10
2020-03-25 12:59:53.456237: I tensorflow/stream_executor/platform/default/dso_loader.cc:44] Successfully opened dynamic library libcudnn.so.7
2020-03-25 12:59:54.830486: I tensorflow/core/profiler/lib/profiler_session.cc:225] Profiler session started.
2020-03-25 12:59:54.830539: I tensorflow/core/profiler/internal/gpu/cupti_tracer.cc:1259] Profiler found 1 GPUs
2020-03-25 12:59:54.830640: W tensorflow/stream_executor/platform/default/dso_loader.cc:55] Could not load dynamic library 'libcupti.so.10.1'; dlerror: libcupti.so.10.1: cannot open shared object file: No such file or directory
2020-03-25 12:59:54.830653: E tensorflow/core/profiler/internal/gpu/cupti_tracer.cc:1307] function cupti_interface_->Subscribe( &subscriber_, (CUpti_CallbackFunc)ApiCallback, this)failed with error CUPTI could not be loaded or symbol could not be found.
2020-03-25 12:59:54.830658: E tensorflow/core/profiler/internal/gpu/cupti_tracer.cc:1346] function cupti_interface_->ActivityRegisterCallbacks( AllocCuptiActivityBuffer, FreeCuptiActivityBuffer)failed with error CUPTI could not be loaded or symbol could not be found.
2020-03-25 12:59:54.943793: E tensorflow/core/profiler/internal/gpu/cupti_tracer.cc:1329] function cupti_interface_->EnableCallback( 0 , subscriber_, CUPTI_CB_DOMAIN_DRIVER_API, cbid)failed with error CUPTI could not be loaded or symbol could not be found.
2020-03-25 12:59:54.943817: I tensorflow/core/profiler/internal/gpu/device_tracer.cc:88]  GpuTracer has collected 0 callback api events and 0 activity events.
2020-03-25 13:01:09.294612: W tensorflow/core/framework/cpu_allocator_impl.cc:81] Allocation of 536870912 exceeds 10% of system memory.
WARNING:tensorflow:sample_weight modes were coerced from
  ...
    to  
  ['...']
WARNING:tensorflow:sample_weight modes were coerced from
  ...
    to  
  ['...']
2020-03-25 13:01:13.218048: I tensorflow/core/profiler/lib/profiler_session.cc:225] Profiler session started.
2020-03-25 13:01:13.218084: E tensorflow/core/profiler/internal/gpu/cupti_tracer.cc:1307] function cupti_interface_->Subscribe( &subscriber_, (CUpti_CallbackFunc)ApiCallback, this)failed with error CUPTI could not be loaded or symbol could not be found.
2020-03-25 13:01:13.218090: E tensorflow/core/profiler/internal/gpu/cupti_tracer.cc:1346] function cupti_interface_->ActivityRegisterCallbacks( AllocCuptiActivityBuffer, FreeCuptiActivityBuffer)failed with error CUPTI could not be loaded or symbol could not be found.
2020-03-25 13:01:13.339288: E tensorflow/core/profiler/internal/gpu/cupti_tracer.cc:1329] function cupti_interface_->EnableCallback( 0 , subscriber_, CUPTI_CB_DOMAIN_DRIVER_API, cbid)failed with error CUPTI could not be loaded or symbol could not be found.
2020-03-25 13:01:13.339311: I tensorflow/core/profiler/internal/gpu/device_tracer.cc:88]  GpuTracer has collected 0 callback api events and 0 activity events.
2020-03-25 13:02:27.077207: W tensorflow/core/framework/cpu_allocator_impl.cc:81] Allocation of 536870912 exceeds 10% of system memory.
WARNING:tensorflow:sample_weight modes were coerced from
  ...
    to  
  ['...']
WARNING:tensorflow:sample_weight modes were coerced from
  ...
    to  
  ['...']
2020-03-25 13:02:33.043911: I tensorflow/core/profiler/lib/profiler_session.cc:225] Profiler session started.
2020-03-25 13:02:33.043941: E tensorflow/core/profiler/internal/gpu/cupti_tracer.cc:1307] function cupti_interface_->Subscribe( &subscriber_, (CUpti_CallbackFunc)ApiCallback, this)failed with error CUPTI could not be loaded or symbol could not be found.
2020-03-25 13:02:33.043948: E tensorflow/core/profiler/internal/gpu/cupti_tracer.cc:1346] function cupti_interface_->ActivityRegisterCallbacks( AllocCuptiActivityBuffer, FreeCuptiActivityBuffer)failed with error CUPTI could not be loaded or symbol could not be found.
2020-03-25 13:02:33.161271: E tensorflow/core/profiler/internal/gpu/cupti_tracer.cc:1329] function cupti_interface_->EnableCallback( 0 , subscriber_, CUPTI_CB_DOMAIN_DRIVER_API, cbid)failed with error CUPTI could not be loaded or symbol could not be found.
2020-03-25 13:02:33.161297: I tensorflow/core/profiler/internal/gpu/device_tracer.cc:88]  GpuTracer has collected 0 callback api events and 0 activity events.
2020-03-25 13:03:46.852633: W tensorflow/core/framework/cpu_allocator_impl.cc:81] Allocation of 536870912 exceeds 10% of system memory.
WARNING:tensorflow:sample_weight modes were coerced from
  ...
    to  
  ['...']
WARNING:tensorflow:sample_weight modes were coerced from
  ...
    to  
  ['...']
2020-03-25 13:03:51.771469: I tensorflow/core/profiler/lib/profiler_session.cc:225] Profiler session started.
2020-03-25 13:03:51.771546: E tensorflow/core/profiler/internal/gpu/cupti_tracer.cc:1307] function cupti_interface_->Subscribe( &subscriber_, (CUpti_CallbackFunc)ApiCallback, this)failed with error CUPTI could not be loaded or symbol could not be found.
2020-03-25 13:03:51.771556: E tensorflow/core/profiler/internal/gpu/cupti_tracer.cc:1346] function cupti_interface_->ActivityRegisterCallbacks( AllocCuptiActivityBuffer, FreeCuptiActivityBuffer)failed with error CUPTI could not be loaded or symbol could not be found.
2020-03-25 13:03:51.887857: E tensorflow/core/profiler/internal/gpu/cupti_tracer.cc:1329] function cupti_interface_->EnableCallback( 0 , subscriber_, CUPTI_CB_DOMAIN_DRIVER_API, cbid)failed with error CUPTI could not be loaded or symbol could not be found.
2020-03-25 13:03:51.887878: I tensorflow/core/profiler/internal/gpu/device_tracer.cc:88]  GpuTracer has collected 0 callback api events and 0 activity events.
2020-03-25 13:05:05.486408: W tensorflow/core/framework/cpu_allocator_impl.cc:81] Allocation of 536870912 exceeds 10% of system memory.
WARNING:tensorflow:sample_weight modes were coerced from
  ...
    to  
  ['...']
WARNING:tensorflow:sample_weight modes were coerced from
  ...
    to  
  ['...']
2020-03-25 13:05:20.743487: W tensorflow/core/common_runtime/bfc_allocator.cc:424] Allocator (GPU_0_bfc) ran out of memory trying to allocate 64.00MiB (rounded to 67108864).  Current allocation summary follows.
2020-03-25 13:05:20.743599: I tensorflow/core/common_runtime/bfc_allocator.cc:894] BFCAllocator dump for GPU_0_bfc
2020-03-25 13:05:20.743636: I tensorflow/core/common_runtime/bfc_allocator.cc:901] Bin (256): 	Total Chunks: 84, Chunks in use: 84. 21.0KiB allocated for chunks. 21.0KiB in use in bin. 6.4KiB client-requested in use in bin.
2020-03-25 13:05:20.743665: I tensorflow/core/common_runtime/bfc_allocator.cc:901] Bin (512): 	Total Chunks: 24, Chunks in use: 24. 13.0KiB allocated for chunks. 13.0KiB in use in bin. 12.0KiB client-requested in use in bin.
2020-03-25 13:05:20.743693: I tensorflow/core/common_runtime/bfc_allocator.cc:901] Bin (1024): 	Total Chunks: 37, Chunks in use: 37. 40.2KiB allocated for chunks. 40.2KiB in use in bin. 37.0KiB client-requested in use in bin.
2020-03-25 13:05:20.743721: I tensorflow/core/common_runtime/bfc_allocator.cc:901] Bin (2048): 	Total Chunks: 72, Chunks in use: 72. 153.0KiB allocated for chunks. 153.0KiB in use in bin. 144.0KiB client-requested in use in bin.
2020-03-25 13:05:20.743747: I tensorflow/core/common_runtime/bfc_allocator.cc:901] Bin (4096): 	Total Chunks: 12, Chunks in use: 12. 81.0KiB allocated for chunks. 81.0KiB in use in bin. 81.0KiB client-requested in use in bin.
2020-03-25 13:05:20.743771: I tensorflow/core/common_runtime/bfc_allocator.cc:901] Bin (8192): 	Total Chunks: 0, Chunks in use: 0. 0B allocated for chunks. 0B in use in bin. 0B client-requested in use in bin.
2020-03-25 13:05:20.743798: I tensorflow/core/common_runtime/bfc_allocator.cc:901] Bin (16384): 	Total Chunks: 23, Chunks in use: 23. 383.0KiB allocated for chunks. 383.0KiB in use in bin. 368.0KiB client-requested in use in bin.
2020-03-25 13:05:20.743824: I tensorflow/core/common_runtime/bfc_allocator.cc:901] Bin (32768): 	Total Chunks: 11, Chunks in use: 11. 528.0KiB allocated for chunks. 528.0KiB in use in bin. 528.0KiB client-requested in use in bin.
2020-03-25 13:05:20.743847: I tensorflow/core/common_runtime/bfc_allocator.cc:901] Bin (65536): 	Total Chunks: 0, Chunks in use: 0. 0B allocated for chunks. 0B in use in bin. 0B client-requested in use in bin.
2020-03-25 13:05:20.743872: I tensorflow/core/common_runtime/bfc_allocator.cc:901] Bin (131072): 	Total Chunks: 8, Chunks in use: 8. 1.12MiB allocated for chunks. 1.12MiB in use in bin. 1.12MiB client-requested in use in bin.
2020-03-25 13:05:20.743895: I tensorflow/core/common_runtime/bfc_allocator.cc:901] Bin (262144): 	Total Chunks: 16, Chunks in use: 16. 5.02MiB allocated for chunks. 5.02MiB in use in bin. 3.94MiB client-requested in use in bin.
2020-03-25 13:05:20.743918: I tensorflow/core/common_runtime/bfc_allocator.cc:901] Bin (524288): 	Total Chunks: 12, Chunks in use: 12. 6.75MiB allocated for chunks. 6.75MiB in use in bin. 6.75MiB client-requested in use in bin.
2020-03-25 13:05:20.743969: I tensorflow/core/common_runtime/bfc_allocator.cc:901] Bin (1048576): 	Total Chunks: 12, Chunks in use: 12. 16.94MiB allocated for chunks. 16.94MiB in use in bin. 13.50MiB client-requested in use in bin.
2020-03-25 13:05:20.743996: I tensorflow/core/common_runtime/bfc_allocator.cc:901] Bin (2097152): 	Total Chunks: 24, Chunks in use: 24. 57.87MiB allocated for chunks. 57.87MiB in use in bin. 54.00MiB client-requested in use in bin.
2020-03-25 13:05:20.744021: I tensorflow/core/common_runtime/bfc_allocator.cc:901] Bin (4194304): 	Total Chunks: 12, Chunks in use: 12. 55.09MiB allocated for chunks. 55.09MiB in use in bin. 54.00MiB client-requested in use in bin.
2020-03-25 13:05:20.744047: I tensorflow/core/common_runtime/bfc_allocator.cc:901] Bin (8388608): 	Total Chunks: 60, Chunks in use: 60. 561.99MiB allocated for chunks. 561.99MiB in use in bin. 540.00MiB client-requested in use in bin.
2020-03-25 13:05:20.744068: I tensorflow/core/common_runtime/bfc_allocator.cc:901] Bin (16777216): 	Total Chunks: 0, Chunks in use: 0. 0B allocated for chunks. 0B in use in bin. 0B client-requested in use in bin.
2020-03-25 13:05:20.744091: I tensorflow/core/common_runtime/bfc_allocator.cc:901] Bin (33554432): 	Total Chunks: 1, Chunks in use: 0. 46.00MiB allocated for chunks. 0B in use in bin. 0B client-requested in use in bin.
2020-03-25 13:05:20.744116: I tensorflow/core/common_runtime/bfc_allocator.cc:901] Bin (67108864): 	Total Chunks: 11, Chunks in use: 11. 716.25MiB allocated for chunks. 716.25MiB in use in bin. 704.00MiB client-requested in use in bin.
2020-03-25 13:05:20.744137: I tensorflow/core/common_runtime/bfc_allocator.cc:901] Bin (134217728): 	Total Chunks: 0, Chunks in use: 0. 0B allocated for chunks. 0B in use in bin. 0B client-requested in use in bin.
2020-03-25 13:05:20.744159: I tensorflow/core/common_runtime/bfc_allocator.cc:901] Bin (268435456): 	Total Chunks: 12, Chunks in use: 12. 6.00GiB allocated for chunks. 6.00GiB in use in bin. 6.00GiB client-requested in use in bin.
2020-03-25 13:05:20.744181: I tensorflow/core/common_runtime/bfc_allocator.cc:917] Bin for 64.00MiB was 64.00MiB, Chunk State: 
2020-03-25 13:05:20.744199: I tensorflow/core/common_runtime/bfc_allocator.cc:930] Next region of size 7982002944
2020-03-25 13:05:20.744226: I tensorflow/core/common_runtime/bfc_allocator.cc:950] InUse at 7f69b4000000 of size 1280 next 1
2020-03-25 13:05:20.744246: I tensorflow/core/common_runtime/bfc_allocator.cc:950] InUse at 7f69b4000500 of size 2359296 next 99
2020-03-25 13:05:20.744265: I tensorflow/core/common_runtime/bfc_allocator.cc:950] InUse at 7f69b4240500 of size 4718592 next 97
2020-03-25 13:05:20.744283: I tensorflow/core/common_runtime/bfc_allocator.cc:950] InUse at 7f69b46c0500 of size 9437184 next 95
2020-03-25 13:05:20.744301: I tensorflow/core/common_runtime/bfc_allocator.cc:950] InUse at 7f69b4fc0500 of size 9437184 next 93
2020-03-25 13:05:20.744319: I tensorflow/core/common_runtime/bfc_allocator.cc:950] InUse at 7f69b58c0500 of size 9437184 next 91
2020-03-25 13:05:20.744337: I tensorflow/core/common_runtime/bfc_allocator.cc:950] InUse at 7f69b61c0500 of size 9437184 next 89
2020-03-25 13:05:20.744355: I tensorflow/core/common_runtime/bfc_allocator.cc:950] InUse at 7f69b6ac0500 of size 9437184 next 87
2020-03-25 13:05:20.744374: I tensorflow/core/common_runtime/bfc_allocator.cc:950] InUse at 7f69b73c0500 of size 536870912 next 85
2020-03-25 13:05:20.744394: I tensorflow/core/common_runtime/bfc_allocator.cc:950] InUse at 7f69d73c0500 of size 67108864 next 83
2020-03-25 13:05:20.744411: I tensorflow/core/common_runtime/bfc_allocator.cc:950] InUse at 7f69db3c0500 of size 49152 next 81
2020-03-25 13:05:20.744430: I tensorflow/core/common_runtime/bfc_allocator.cc:950] InUse at 7f69db3cc500 of size 147456 next 78
2020-03-25 13:05:20.744448: I tensorflow/core/common_runtime/bfc_allocator.cc:950] InUse at 7f69db3f0500 of size 294912 next 75
2020-03-25 13:05:20.744476: I tensorflow/core/common_runtime/bfc_allocator.cc:950] InUse at 7f69db438500 of size 589824 next 74
2020-03-25 13:05:20.744496: I tensorflow/core/common_runtime/bfc_allocator.cc:950] InUse at 7f69db4c8500 of size 1179648 next 15
2020-03-25 13:05:20.744514: I tensorflow/core/common_runtime/bfc_allocator.cc:950] InUse at 7f69db5e8500 of size 2359296 next 37
2020-03-25 13:05:20.744532: I tensorflow/core/common_runtime/bfc_allocator.cc:950] InUse at 7f69db828500 of size 2359296 next 69
2020-03-25 13:05:20.744550: I tensorflow/core/common_runtime/bfc_allocator.cc:950] InUse at 7f69dba68500 of size 4718592 next 67
2020-03-25 13:05:20.744568: I tensorflow/core/common_runtime/bfc_allocator.cc:950] InUse at 7f69dbee8500 of size 9437184 next 65
2020-03-25 13:05:20.744585: I tensorflow/core/common_runtime/bfc_allocator.cc:950] InUse at 7f69dc7e8500 of size 9437184 next 63
2020-03-25 13:05:20.744603: I tensorflow/core/common_runtime/bfc_allocator.cc:950] InUse at 7f69dd0e8500 of size 9437184 next 61
2020-03-25 13:05:20.744620: I tensorflow/core/common_runtime/bfc_allocator.cc:950] InUse at 7f69dd9e8500 of size 9437184 next 59
2020-03-25 13:05:20.744637: I tensorflow/core/common_runtime/bfc_allocator.cc:950] InUse at 7f69de2e8500 of size 9437184 next 32
2020-03-25 13:05:20.744655: I tensorflow/core/common_runtime/bfc_allocator.cc:950] InUse at 7f69debe8500 of size 67108864 next 22
2020-03-25 13:05:20.744673: I tensorflow/core/common_runtime/bfc_allocator.cc:950] InUse at 7f69e2be8500 of size 16384 next 56
2020-03-25 13:05:20.744691: I tensorflow/core/common_runtime/bfc_allocator.cc:950] InUse at 7f69e2bec500 of size 49152 next 3
2020-03-25 13:05:20.744709: I tensorflow/core/common_runtime/bfc_allocator.cc:950] InUse at 7f69e2bf8500 of size 256 next 55
2020-03-25 13:05:20.744726: I tensorflow/core/common_runtime/bfc_allocator.cc:950] InUse at 7f69e2bf8600 of size 256 next 54
2020-03-25 13:05:20.744744: I tensorflow/core/common_runtime/bfc_allocator.cc:950] InUse at 7f69e2bf8700 of size 256 next 53
2020-03-25 13:05:20.744761: I tensorflow/core/common_runtime/bfc_allocator.cc:950] InUse at 7f69e2bf8800 of size 256 next 52
2020-03-25 13:05:20.744778: I tensorflow/core/common_runtime/bfc_allocator.cc:950] InUse at 7f69e2bf8900 of size 256 next 43
2020-03-25 13:05:20.744795: I tensorflow/core/common_runtime/bfc_allocator.cc:950] InUse at 7f69e2bf8a00 of size 256 next 42
2020-03-25 13:05:20.744813: I tensorflow/core/common_runtime/bfc_allocator.cc:950] InUse at 7f69e2bf8b00 of size 768 next 23
2020-03-25 13:05:20.744830: I tensorflow/core/common_runtime/bfc_allocator.cc:950] InUse at 7f69e2bf8e00 of size 1536 next 40
2020-03-25 13:05:20.744848: I tensorflow/core/common_runtime/bfc_allocator.cc:950] InUse at 7f69e2bf9400 of size 1024 next 45
2020-03-25 13:05:20.744866: I tensorflow/core/common_runtime/bfc_allocator.cc:950] InUse at 7f69e2bf9800 of size 3072 next 39
2020-03-25 13:05:20.744885: I tensorflow/core/common_runtime/bfc_allocator.cc:950] InUse at 7f69e2bfa400 of size 2048 next 33
2020-03-25 13:05:20.744902: I tensorflow/core/common_runtime/bfc_allocator.cc:950] InUse at 7f69e2bfac00 of size 2048 next 28
2020-03-25 13:05:20.744920: I tensorflow/core/common_runtime/bfc_allocator.cc:950] InUse at 7f69e2bfb400 of size 256 next 157
2020-03-25 13:05:20.744937: I tensorflow/core/common_runtime/bfc_allocator.cc:950] InUse at 7f69e2bfb500 of size 256 next 158
2020-03-25 13:05:20.744954: I tensorflow/core/common_runtime/bfc_allocator.cc:950] InUse at 7f69e2bfb600 of size 256 next 159
2020-03-25 13:05:20.744971: I tensorflow/core/common_runtime/bfc_allocator.cc:950] InUse at 7f69e2bfb700 of size 256 next 161
2020-03-25 13:05:20.744989: I tensorflow/core/common_runtime/bfc_allocator.cc:950] InUse at 7f69e2bfb800 of size 256 next 163
2020-03-25 13:05:20.745006: I tensorflow/core/common_runtime/bfc_allocator.cc:950] InUse at 7f69e2bfb900 of size 512 next 165
2020-03-25 13:05:20.745024: I tensorflow/core/common_runtime/bfc_allocator.cc:950] InUse at 7f69e2bfbb00 of size 512 next 167
2020-03-25 13:05:20.745042: I tensorflow/core/common_runtime/bfc_allocator.cc:950] InUse at 7f69e2bfbd00 of size 1280 next 46
2020-03-25 13:05:20.745064: I tensorflow/core/common_runtime/bfc_allocator.cc:950] InUse at 7f69e2bfc200 of size 512 next 26
2020-03-25 13:05:20.745082: I tensorflow/core/common_runtime/bfc_allocator.cc:950] InUse at 7f69e2bfc400 of size 1024 next 19
2020-03-25 13:05:20.745100: I tensorflow/core/common_runtime/bfc_allocator.cc:950] InUse at 7f69e2bfc800 of size 2048 next 13
2020-03-25 13:05:20.745118: I tensorflow/core/common_runtime/bfc_allocator.cc:950] InUse at 7f69e2bfd000 of size 3328 next 50
2020-03-25 13:05:20.745136: I tensorflow/core/common_runtime/bfc_allocator.cc:950] InUse at 7f69e2bfdd00 of size 2048 next 20
2020-03-25 13:05:20.745152: I tensorflow/core/common_runtime/bfc_allocator.cc:950] InUse at 7f69e2bfe500 of size 256 next 2
2020-03-25 13:05:20.745170: I tensorflow/core/common_runtime/bfc_allocator.cc:950] InUse at 7f69e2bfe600 of size 256 next 12
2020-03-25 13:05:20.745187: I tensorflow/core/common_runtime/bfc_allocator.cc:950] InUse at 7f69e2bfe700 of size 256 next 5
2020-03-25 13:05:20.745205: I tensorflow/core/common_runtime/bfc_allocator.cc:950] InUse at 7f69e2bfe800 of size 256 next 154
2020-03-25 13:05:20.745222: I tensorflow/core/common_runtime/bfc_allocator.cc:950] InUse at 7f69e2bfe900 of size 256 next 155
2020-03-25 13:05:20.745240: I tensorflow/core/common_runtime/bfc_allocator.cc:950] InUse at 7f69e2bfea00 of size 256 next 9
2020-03-25 13:05:20.745257: I tensorflow/core/common_runtime/bfc_allocator.cc:950] InUse at 7f69e2bfeb00 of size 256 next 156
2020-03-25 13:05:20.745275: I tensorflow/core/common_runtime/bfc_allocator.cc:950] InUse at 7f69e2bfec00 of size 256 next 7
2020-03-25 13:05:20.745293: I tensorflow/core/common_runtime/bfc_allocator.cc:950] InUse at 7f69e2bfed00 of size 6912 next 4
2020-03-25 13:05:20.745311: I tensorflow/core/common_runtime/bfc_allocator.cc:950] InUse at 7f69e2c00800 of size 283904 next 30
2020-03-25 13:05:20.745329: I tensorflow/core/common_runtime/bfc_allocator.cc:950] InUse at 7f69e2c45d00 of size 442368 next 17
2020-03-25 13:05:20.745347: I tensorflow/core/common_runtime/bfc_allocator.cc:950] InUse at 7f69e2cb1d00 of size 2064384 next 44
2020-03-25 13:05:20.745364: I tensorflow/core/common_runtime/bfc_allocator.cc:950] InUse at 7f69e2ea9d00 of size 589824 next 24
2020-03-25 13:05:20.745382: I tensorflow/core/common_runtime/bfc_allocator.cc:950] InUse at 7f69e2f39d00 of size 4718592 next 31
2020-03-25 13:05:20.745400: I tensorflow/core/common_runtime/bfc_allocator.cc:950] InUse at 7f69e33b9d00 of size 16384 next 36
2020-03-25 13:05:20.745418: I tensorflow/core/common_runtime/bfc_allocator.cc:950] InUse at 7f69e33bdd00 of size 16384 next 35
2020-03-25 13:05:20.745436: I tensorflow/core/common_runtime/bfc_allocator.cc:950] InUse at 7f69e33c1d00 of size 6912 next 160
2020-03-25 13:05:20.745453: I tensorflow/core/common_runtime/bfc_allocator.cc:950] InUse at 7f69e33c3800 of size 1024 next 169
2020-03-25 13:05:20.745470: I tensorflow/core/common_runtime/bfc_allocator.cc:950] InUse at 7f69e33c3c00 of size 1024 next 171
2020-03-25 13:05:20.745487: I tensorflow/core/common_runtime/bfc_allocator.cc:950] InUse at 7f69e33c4000 of size 2048 next 173
2020-03-25 13:05:20.745504: I tensorflow/core/common_runtime/bfc_allocator.cc:950] InUse at 7f69e33c4800 of size 2048 next 175
2020-03-25 13:05:20.745522: I tensorflow/core/common_runtime/bfc_allocator.cc:950] InUse at 7f69e33c5000 of size 2048 next 177
2020-03-25 13:05:20.745539: I tensorflow/core/common_runtime/bfc_allocator.cc:950] InUse at 7f69e33c5800 of size 2048 next 179
2020-03-25 13:05:20.745557: I tensorflow/core/common_runtime/bfc_allocator.cc:950] InUse at 7f69e33c6000 of size 2048 next 181
2020-03-25 13:05:20.745574: I tensorflow/core/common_runtime/bfc_allocator.cc:950] InUse at 7f69e33c6800 of size 2048 next 183
2020-03-25 13:05:20.745592: I tensorflow/core/common_runtime/bfc_allocator.cc:950] InUse at 7f69e33c7000 of size 16384 next 185
2020-03-25 13:05:20.745610: I tensorflow/core/common_runtime/bfc_allocator.cc:950] InUse at 7f69e33cb000 of size 16384 next 186
2020-03-25 13:05:20.745635: I tensorflow/core/common_runtime/bfc_allocator.cc:950] InUse at 7f69e33cf000 of size 256 next 188
2020-03-25 13:05:20.745654: I tensorflow/core/common_runtime/bfc_allocator.cc:950] InUse at 7f69e33cf100 of size 6912 next 189
2020-03-25 13:05:20.745672: I tensorflow/core/common_runtime/bfc_allocator.cc:950] InUse at 7f69e33d0c00 of size 256 next 190
2020-03-25 13:05:20.745689: I tensorflow/core/common_runtime/bfc_allocator.cc:950] InUse at 7f69e33d0d00 of size 256 next 192
2020-03-25 13:05:20.745707: I tensorflow/core/common_runtime/bfc_allocator.cc:950] InUse at 7f69e33d0e00 of size 512 next 194
2020-03-25 13:05:20.745724: I tensorflow/core/common_runtime/bfc_allocator.cc:950] InUse at 7f69e33d1000 of size 512 next 196
2020-03-25 13:05:20.745742: I tensorflow/core/common_runtime/bfc_allocator.cc:950] InUse at 7f69e33d1200 of size 1024 next 198
2020-03-25 13:05:20.745759: I tensorflow/core/common_runtime/bfc_allocator.cc:950] InUse at 7f69e33d1600 of size 1024 next 200
2020-03-25 13:05:20.745777: I tensorflow/core/common_runtime/bfc_allocator.cc:950] InUse at 7f69e33d1a00 of size 1024 next 202
2020-03-25 13:05:20.745794: I tensorflow/core/common_runtime/bfc_allocator.cc:950] InUse at 7f69e33d1e00 of size 2048 next 203
2020-03-25 13:05:20.745812: I tensorflow/core/common_runtime/bfc_allocator.cc:950] InUse at 7f69e33d2600 of size 2048 next 205
2020-03-25 13:05:20.745829: I tensorflow/core/common_runtime/bfc_allocator.cc:950] InUse at 7f69e33d2e00 of size 2048 next 207
2020-03-25 13:05:20.745846: I tensorflow/core/common_runtime/bfc_allocator.cc:950] InUse at 7f69e33d3600 of size 2048 next 209
2020-03-25 13:05:20.745864: I tensorflow/core/common_runtime/bfc_allocator.cc:950] InUse at 7f69e33d3e00 of size 2048 next 211
2020-03-25 13:05:20.745881: I tensorflow/core/common_runtime/bfc_allocator.cc:950] InUse at 7f69e33d4600 of size 2048 next 213
2020-03-25 13:05:20.745900: I tensorflow/core/common_runtime/bfc_allocator.cc:950] InUse at 7f69e33d4e00 of size 20224 next 16
2020-03-25 13:05:20.745917: I tensorflow/core/common_runtime/bfc_allocator.cc:950] InUse at 7f69e33d9d00 of size 49152 next 10
2020-03-25 13:05:20.745935: I tensorflow/core/common_runtime/bfc_allocator.cc:950] InUse at 7f69e33e5d00 of size 147456 next 162
2020-03-25 13:05:20.745952: I tensorflow/core/common_runtime/bfc_allocator.cc:950] InUse at 7f69e3409d00 of size 294912 next 164
2020-03-25 13:05:20.745969: I tensorflow/core/common_runtime/bfc_allocator.cc:950] InUse at 7f69e3451d00 of size 589824 next 166
2020-03-25 13:05:20.745987: I tensorflow/core/common_runtime/bfc_allocator.cc:950] InUse at 7f69e34e1d00 of size 1179648 next 168
2020-03-25 13:05:20.746005: I tensorflow/core/common_runtime/bfc_allocator.cc:950] InUse at 7f69e3601d00 of size 4096000 next 8
2020-03-25 13:05:20.746023: I tensorflow/core/common_runtime/bfc_allocator.cc:950] InUse at 7f69e39e9d00 of size 2359296 next 29
2020-03-25 13:05:20.746040: I tensorflow/core/common_runtime/bfc_allocator.cc:950] InUse at 7f69e3c29d00 of size 2359296 next 51
2020-03-25 13:05:20.746058: I tensorflow/core/common_runtime/bfc_allocator.cc:950] InUse at 7f69e3e69d00 of size 9437184 next 18
2020-03-25 13:05:20.746075: I tensorflow/core/common_runtime/bfc_allocator.cc:950] InUse at 7f69e4769d00 of size 9437184 next 41
2020-03-25 13:05:20.746093: I tensorflow/core/common_runtime/bfc_allocator.cc:950] InUse at 7f69e5069d00 of size 9437184 next 27
2020-03-25 13:05:20.746110: I tensorflow/core/common_runtime/bfc_allocator.cc:950] InUse at 7f69e5969d00 of size 9437184 next 11
2020-03-25 13:05:20.746127: I tensorflow/core/common_runtime/bfc_allocator.cc:950] InUse at 7f69e6269d00 of size 9437184 next 25
2020-03-25 13:05:20.746145: I tensorflow/core/common_runtime/bfc_allocator.cc:950] InUse at 7f69e6b69d00 of size 79953920 next 111
2020-03-25 13:05:20.746163: I tensorflow/core/common_runtime/bfc_allocator.cc:950] InUse at 7f69eb7a9d00 of size 256 next 143
2020-03-25 13:05:20.746180: I tensorflow/core/common_runtime/bfc_allocator.cc:950] InUse at 7f69eb7a9e00 of size 256 next 136
2020-03-25 13:05:20.746206: I tensorflow/core/common_runtime/bfc_allocator.cc:950] InUse at 7f69eb7a9f00 of size 768 next 140
2020-03-25 13:05:20.746224: I tensorflow/core/common_runtime/bfc_allocator.cc:950] InUse at 7f69eb7aa200 of size 1536 next 124
2020-03-25 13:05:20.746241: I tensorflow/core/common_runtime/bfc_allocator.cc:950] InUse at 7f69eb7aa800 of size 1024 next 130
2020-03-25 13:05:20.746259: I tensorflow/core/common_runtime/bfc_allocator.cc:950] InUse at 7f69eb7aac00 of size 3072 next 115
2020-03-25 13:05:20.746276: I tensorflow/core/common_runtime/bfc_allocator.cc:950] InUse at 7f69eb7ab800 of size 2048 next 137
2020-03-25 13:05:20.746294: I tensorflow/core/common_runtime/bfc_allocator.cc:950] InUse at 7f69eb7ac000 of size 2048 next 144
2020-03-25 13:05:20.746311: I tensorflow/core/common_runtime/bfc_allocator.cc:950] InUse at 7f69eb7ac800 of size 256 next 109
2020-03-25 13:05:20.746328: I tensorflow/core/common_runtime/bfc_allocator.cc:950] InUse at 7f69eb7ac900 of size 256 next 108
2020-03-25 13:05:20.746345: I tensorflow/core/common_runtime/bfc_allocator.cc:950] InUse at 7f69eb7aca00 of size 256 next 47
2020-03-25 13:05:20.746362: I tensorflow/core/common_runtime/bfc_allocator.cc:950] InUse at 7f69eb7acb00 of size 256 next 107
2020-03-25 13:05:20.746379: I tensorflow/core/common_runtime/bfc_allocator.cc:950] InUse at 7f69eb7acc00 of size 256 next 105
2020-03-25 13:05:20.746396: I tensorflow/core/common_runtime/bfc_allocator.cc:950] InUse at 7f69eb7acd00 of size 512 next 103
2020-03-25 13:05:20.746414: I tensorflow/core/common_runtime/bfc_allocator.cc:950] InUse at 7f69eb7acf00 of size 512 next 14
2020-03-25 13:05:20.746431: I tensorflow/core/common_runtime/bfc_allocator.cc:950] InUse at 7f69eb7ad100 of size 1280 next 119
2020-03-25 13:05:20.746448: I tensorflow/core/common_runtime/bfc_allocator.cc:950] InUse at 7f69eb7ad600 of size 512 next 141
2020-03-25 13:05:20.746465: I tensorflow/core/common_runtime/bfc_allocator.cc:950] InUse at 7f69eb7ad800 of size 1024 next 116
2020-03-25 13:05:20.746482: I tensorflow/core/common_runtime/bfc_allocator.cc:950] InUse at 7f69eb7adc00 of size 2048 next 127
2020-03-25 13:05:20.746500: I tensorflow/core/common_runtime/bfc_allocator.cc:950] InUse at 7f69eb7ae400 of size 3328 next 132
2020-03-25 13:05:20.746517: I tensorflow/core/common_runtime/bfc_allocator.cc:950] InUse at 7f69eb7af100 of size 2048 next 145
2020-03-25 13:05:20.746534: I tensorflow/core/common_runtime/bfc_allocator.cc:950] InUse at 7f69eb7af900 of size 256 next 120
2020-03-25 13:05:20.746551: I tensorflow/core/common_runtime/bfc_allocator.cc:950] InUse at 7f69eb7afa00 of size 256 next 148
2020-03-25 13:05:20.746569: I tensorflow/core/common_runtime/bfc_allocator.cc:950] InUse at 7f69eb7afb00 of size 256 next 150
2020-03-25 13:05:20.746586: I tensorflow/core/common_runtime/bfc_allocator.cc:950] InUse at 7f69eb7afc00 of size 256 next 152
2020-03-25 13:05:20.746604: I tensorflow/core/common_runtime/bfc_allocator.cc:950] InUse at 7f69eb7afd00 of size 256 next 153
2020-03-25 13:05:20.746621: I tensorflow/core/common_runtime/bfc_allocator.cc:950] InUse at 7f69eb7afe00 of size 256 next 151
2020-03-25 13:05:20.746638: I tensorflow/core/common_runtime/bfc_allocator.cc:950] InUse at 7f69eb7aff00 of size 256 next 110
2020-03-25 13:05:20.746656: I tensorflow/core/common_runtime/bfc_allocator.cc:950] InUse at 7f69eb7b0000 of size 256 next 117
2020-03-25 13:05:20.746674: I tensorflow/core/common_runtime/bfc_allocator.cc:950] InUse at 7f69eb7b0100 of size 6912 next 146
2020-03-25 13:05:20.746692: I tensorflow/core/common_runtime/bfc_allocator.cc:950] InUse at 7f69eb7b1c00 of size 283904 next 131
2020-03-25 13:05:20.746709: I tensorflow/core/common_runtime/bfc_allocator.cc:950] InUse at 7f69eb7f7100 of size 442368 next 135
2020-03-25 13:05:20.746728: I tensorflow/core/common_runtime/bfc_allocator.cc:950] InUse at 7f69eb863100 of size 2064384 next 125
2020-03-25 13:05:20.746745: I tensorflow/core/common_runtime/bfc_allocator.cc:950] InUse at 7f69eba5b100 of size 589824 next 122
2020-03-25 13:05:20.746771: I tensorflow/core/common_runtime/bfc_allocator.cc:950] InUse at 7f69ebaeb100 of size 4718592 next 121
2020-03-25 13:05:20.746789: I tensorflow/core/common_runtime/bfc_allocator.cc:950] InUse at 7f69ebf6b100 of size 16384 next 139
2020-03-25 13:05:20.746807: I tensorflow/core/common_runtime/bfc_allocator.cc:950] InUse at 7f69ebf6f100 of size 16384 next 133
2020-03-25 13:05:20.746825: I tensorflow/core/common_runtime/bfc_allocator.cc:950] InUse at 7f69ebf73100 of size 6912 next 48
2020-03-25 13:05:20.746842: I tensorflow/core/common_runtime/bfc_allocator.cc:950] InUse at 7f69ebf74c00 of size 1024 next 100
2020-03-25 13:05:20.746859: I tensorflow/core/common_runtime/bfc_allocator.cc:950] InUse at 7f69ebf75000 of size 1024 next 98
2020-03-25 13:05:20.746878: I tensorflow/core/common_runtime/bfc_allocator.cc:950] InUse at 7f69ebf75400 of size 2048 next 96
2020-03-25 13:05:20.746895: I tensorflow/core/common_runtime/bfc_allocator.cc:950] InUse at 7f69ebf75c00 of size 2048 next 94
2020-03-25 13:05:20.746913: I tensorflow/core/common_runtime/bfc_allocator.cc:950] InUse at 7f69ebf76400 of size 2048 next 92
2020-03-25 13:05:20.746931: I tensorflow/core/common_runtime/bfc_allocator.cc:950] InUse at 7f69ebf76c00 of size 2048 next 90
2020-03-25 13:05:20.746948: I tensorflow/core/common_runtime/bfc_allocator.cc:950] InUse at 7f69ebf77400 of size 2048 next 88
2020-03-25 13:05:20.746965: I tensorflow/core/common_runtime/bfc_allocator.cc:950] InUse at 7f69ebf77c00 of size 2048 next 86
2020-03-25 13:05:20.746983: I tensorflow/core/common_runtime/bfc_allocator.cc:950] InUse at 7f69ebf78400 of size 16384 next 84
2020-03-25 13:05:20.747000: I tensorflow/core/common_runtime/bfc_allocator.cc:950] InUse at 7f69ebf7c400 of size 16384 next 82
2020-03-25 13:05:20.747018: I tensorflow/core/common_runtime/bfc_allocator.cc:950] InUse at 7f69ebf80400 of size 256 next 80
2020-03-25 13:05:20.747035: I tensorflow/core/common_runtime/bfc_allocator.cc:950] InUse at 7f69ebf80500 of size 6912 next 79
2020-03-25 13:05:20.747053: I tensorflow/core/common_runtime/bfc_allocator.cc:950] InUse at 7f69ebf82000 of size 256 next 76
2020-03-25 13:05:20.747070: I tensorflow/core/common_runtime/bfc_allocator.cc:950] InUse at 7f69ebf82100 of size 256 next 77
2020-03-25 13:05:20.747087: I tensorflow/core/common_runtime/bfc_allocator.cc:950] InUse at 7f69ebf82200 of size 512 next 73
2020-03-25 13:05:20.747105: I tensorflow/core/common_runtime/bfc_allocator.cc:950] InUse at 7f69ebf82400 of size 512 next 71
2020-03-25 13:05:20.747123: I tensorflow/core/common_runtime/bfc_allocator.cc:950] InUse at 7f69ebf82600 of size 1024 next 72
2020-03-25 13:05:20.747140: I tensorflow/core/common_runtime/bfc_allocator.cc:950] InUse at 7f69ebf82a00 of size 1024 next 70
2020-03-25 13:05:20.747157: I tensorflow/core/common_runtime/bfc_allocator.cc:950] InUse at 7f69ebf82e00 of size 1024 next 68
2020-03-25 13:05:20.747174: I tensorflow/core/common_runtime/bfc_allocator.cc:950] InUse at 7f69ebf83200 of size 2048 next 66
2020-03-25 13:05:20.747191: I tensorflow/core/common_runtime/bfc_allocator.cc:950] InUse at 7f69ebf83a00 of size 2048 next 64
2020-03-25 13:05:20.747208: I tensorflow/core/common_runtime/bfc_allocator.cc:950] InUse at 7f69ebf84200 of size 2048 next 62
2020-03-25 13:05:20.747226: I tensorflow/core/common_runtime/bfc_allocator.cc:950] InUse at 7f69ebf84a00 of size 2048 next 60
2020-03-25 13:05:20.747244: I tensorflow/core/common_runtime/bfc_allocator.cc:950] InUse at 7f69ebf85200 of size 2048 next 58
2020-03-25 13:05:20.747261: I tensorflow/core/common_runtime/bfc_allocator.cc:950] InUse at 7f69ebf85a00 of size 2048 next 49
2020-03-25 13:05:20.747279: I tensorflow/core/common_runtime/bfc_allocator.cc:950] InUse at 7f69ebf86200 of size 20224 next 123
2020-03-25 13:05:20.747296: I tensorflow/core/common_runtime/bfc_allocator.cc:950] InUse at 7f69ebf8b100 of size 49152 next 149
2020-03-25 13:05:20.747314: I tensorflow/core/common_runtime/bfc_allocator.cc:950] InUse at 7f69ebf97100 of size 147456 next 106
2020-03-25 13:05:20.747333: I tensorflow/core/common_runtime/bfc_allocator.cc:950] InUse at 7f69ebfbb100 of size 294912 next 102
2020-03-25 13:05:20.747424: I tensorflow/core/common_runtime/bfc_allocator.cc:950] InUse at 7f69ec003100 of size 589824 next 38
2020-03-25 13:05:20.747444: I tensorflow/core/common_runtime/bfc_allocator.cc:950] InUse at 7f69ec093100 of size 1179648 next 101
2020-03-25 13:05:20.747462: I tensorflow/core/common_runtime/bfc_allocator.cc:950] InUse at 7f69ec1b3100 of size 4096000 next 113
2020-03-25 13:05:20.747480: I tensorflow/core/common_runtime/bfc_allocator.cc:950] InUse at 7f69ec59b100 of size 2359296 next 138
2020-03-25 13:05:20.747497: I tensorflow/core/common_runtime/bfc_allocator.cc:950] InUse at 7f69ec7db100 of size 2359296 next 129
2020-03-25 13:05:20.747514: I tensorflow/core/common_runtime/bfc_allocator.cc:950] InUse at 7f69eca1b100 of size 9437184 next 128
2020-03-25 13:05:20.747532: I tensorflow/core/common_runtime/bfc_allocator.cc:950] InUse at 7f69ed31b100 of size 9437184 next 126
2020-03-25 13:05:20.747548: I tensorflow/core/common_runtime/bfc_allocator.cc:950] InUse at 7f69edc1b100 of size 9437184 next 134
2020-03-25 13:05:20.747566: I tensorflow/core/common_runtime/bfc_allocator.cc:950] InUse at 7f69ee51b100 of size 9437184 next 114
2020-03-25 13:05:20.747583: I tensorflow/core/common_runtime/bfc_allocator.cc:950] InUse at 7f69eee1b100 of size 9437184 next 118
2020-03-25 13:05:20.747601: I tensorflow/core/common_runtime/bfc_allocator.cc:950] InUse at 7f69ef71b100 of size 536870912 next 184
2020-03-25 13:05:20.747619: I tensorflow/core/common_runtime/bfc_allocator.cc:950] InUse at 7f6a0f71b100 of size 536870912 next 214
2020-03-25 13:05:20.747636: I tensorflow/core/common_runtime/bfc_allocator.cc:950] InUse at 7f6a2f71b100 of size 67108864 next 215
2020-03-25 13:05:20.747654: I tensorflow/core/common_runtime/bfc_allocator.cc:950] InUse at 7f6a3371b100 of size 16384 next 216
2020-03-25 13:05:20.747671: I tensorflow/core/common_runtime/bfc_allocator.cc:950] InUse at 7f6a3371f100 of size 49152 next 217
2020-03-25 13:05:20.747689: I tensorflow/core/common_runtime/bfc_allocator.cc:950] InUse at 7f6a3372b100 of size 256 next 218
2020-03-25 13:05:20.747706: I tensorflow/core/common_runtime/bfc_allocator.cc:950] InUse at 7f6a3372b200 of size 256 next 219
2020-03-25 13:05:20.747723: I tensorflow/core/common_runtime/bfc_allocator.cc:950] InUse at 7f6a3372b300 of size 256 next 220
2020-03-25 13:05:20.747740: I tensorflow/core/common_runtime/bfc_allocator.cc:950] InUse at 7f6a3372b400 of size 256 next 221
2020-03-25 13:05:20.747758: I tensorflow/core/common_runtime/bfc_allocator.cc:950] InUse at 7f6a3372b500 of size 256 next 231
2020-03-25 13:05:20.747775: I tensorflow/core/common_runtime/bfc_allocator.cc:950] InUse at 7f6a3372b600 of size 256 next 237
2020-03-25 13:05:20.747793: I tensorflow/core/common_runtime/bfc_allocator.cc:950] InUse at 7f6a3372b700 of size 768 next 250
2020-03-25 13:05:20.747811: I tensorflow/core/common_runtime/bfc_allocator.cc:950] InUse at 7f6a3372ba00 of size 1536 next 229
2020-03-25 13:05:20.747828: I tensorflow/core/common_runtime/bfc_allocator.cc:950] InUse at 7f6a3372c000 of size 1024 next 233
2020-03-25 13:05:20.747846: I tensorflow/core/common_runtime/bfc_allocator.cc:950] InUse at 7f6a3372c400 of size 3072 next 226
2020-03-25 13:05:20.747864: I tensorflow/core/common_runtime/bfc_allocator.cc:950] InUse at 7f6a3372d000 of size 2048 next 228
2020-03-25 13:05:20.747881: I tensorflow/core/common_runtime/bfc_allocator.cc:950] InUse at 7f6a3372d800 of size 2048 next 230
2020-03-25 13:05:20.747898: I tensorflow/core/common_runtime/bfc_allocator.cc:950] InUse at 7f6a3372e000 of size 256 next 266
2020-03-25 13:05:20.747915: I tensorflow/core/common_runtime/bfc_allocator.cc:950] InUse at 7f6a3372e100 of size 256 next 267
2020-03-25 13:05:20.747932: I tensorflow/core/common_runtime/bfc_allocator.cc:950] InUse at 7f6a3372e200 of size 256 next 268
2020-03-25 13:05:20.747950: I tensorflow/core/common_runtime/bfc_allocator.cc:950] InUse at 7f6a3372e300 of size 256 next 270
2020-03-25 13:05:20.747967: I tensorflow/core/common_runtime/bfc_allocator.cc:950] InUse at 7f6a3372e400 of size 256 next 272
2020-03-25 13:05:20.747998: I tensorflow/core/common_runtime/bfc_allocator.cc:950] InUse at 7f6a3372e500 of size 512 next 274
2020-03-25 13:05:20.748017: I tensorflow/core/common_runtime/bfc_allocator.cc:950] InUse at 7f6a3372e700 of size 512 next 276
2020-03-25 13:05:20.748035: I tensorflow/core/common_runtime/bfc_allocator.cc:950] InUse at 7f6a3372e900 of size 1280 next 223
2020-03-25 13:05:20.748053: I tensorflow/core/common_runtime/bfc_allocator.cc:950] InUse at 7f6a3372ee00 of size 512 next 251
2020-03-25 13:05:20.748071: I tensorflow/core/common_runtime/bfc_allocator.cc:950] InUse at 7f6a3372f000 of size 1024 next 253
2020-03-25 13:05:20.748087: I tensorflow/core/common_runtime/bfc_allocator.cc:950] InUse at 7f6a3372f400 of size 2048 next 254
2020-03-25 13:05:20.748105: I tensorflow/core/common_runtime/bfc_allocator.cc:950] InUse at 7f6a3372fc00 of size 3328 next 247
2020-03-25 13:05:20.748122: I tensorflow/core/common_runtime/bfc_allocator.cc:950] InUse at 7f6a33730900 of size 2048 next 239
2020-03-25 13:05:20.748140: I tensorflow/core/common_runtime/bfc_allocator.cc:950] InUse at 7f6a33731100 of size 256 next 240
2020-03-25 13:05:20.748157: I tensorflow/core/common_runtime/bfc_allocator.cc:950] InUse at 7f6a33731200 of size 256 next 259
2020-03-25 13:05:20.748174: I tensorflow/core/common_runtime/bfc_allocator.cc:950] InUse at 7f6a33731300 of size 256 next 261
2020-03-25 13:05:20.748191: I tensorflow/core/common_runtime/bfc_allocator.cc:950] InUse at 7f6a33731400 of size 256 next 263
2020-03-25 13:05:20.748208: I tensorflow/core/common_runtime/bfc_allocator.cc:950] InUse at 7f6a33731500 of size 256 next 264
2020-03-25 13:05:20.748225: I tensorflow/core/common_runtime/bfc_allocator.cc:950] InUse at 7f6a33731600 of size 256 next 262
2020-03-25 13:05:20.748243: I tensorflow/core/common_runtime/bfc_allocator.cc:950] InUse at 7f6a33731700 of size 256 next 265
2020-03-25 13:05:20.748260: I tensorflow/core/common_runtime/bfc_allocator.cc:950] InUse at 7f6a33731800 of size 256 next 242
2020-03-25 13:05:20.748278: I tensorflow/core/common_runtime/bfc_allocator.cc:950] InUse at 7f6a33731900 of size 6912 next 256
2020-03-25 13:05:20.748296: I tensorflow/core/common_runtime/bfc_allocator.cc:950] InUse at 7f6a33733400 of size 283904 next 235
2020-03-25 13:05:20.748313: I tensorflow/core/common_runtime/bfc_allocator.cc:950] InUse at 7f6a33778900 of size 442368 next 232
2020-03-25 13:05:20.748331: I tensorflow/core/common_runtime/bfc_allocator.cc:950] InUse at 7f6a337e4900 of size 2064384 next 234
2020-03-25 13:05:20.748348: I tensorflow/core/common_runtime/bfc_allocator.cc:950] InUse at 7f6a339dc900 of size 589824 next 238
2020-03-25 13:05:20.748367: I tensorflow/core/common_runtime/bfc_allocator.cc:950] InUse at 7f6a33a6c900 of size 11206656 next 241
2020-03-25 13:05:20.748384: I tensorflow/core/common_runtime/bfc_allocator.cc:950] InUse at 7f6a3451c900 of size 2359296 next 225
2020-03-25 13:05:20.748402: I tensorflow/core/common_runtime/bfc_allocator.cc:950] InUse at 7f6a3475c900 of size 2359296 next 255
2020-03-25 13:05:20.748419: I tensorflow/core/common_runtime/bfc_allocator.cc:950] InUse at 7f6a3499c900 of size 16384 next 244
2020-03-25 13:05:20.748436: I tensorflow/core/common_runtime/bfc_allocator.cc:950] InUse at 7f6a349a0900 of size 16384 next 243
2020-03-25 13:05:20.748454: I tensorflow/core/common_runtime/bfc_allocator.cc:950] InUse at 7f6a349a4900 of size 6912 next 269
2020-03-25 13:05:20.748471: I tensorflow/core/common_runtime/bfc_allocator.cc:950] InUse at 7f6a349a6400 of size 1024 next 279
2020-03-25 13:05:20.748488: I tensorflow/core/common_runtime/bfc_allocator.cc:950] InUse at 7f6a349a6800 of size 1024 next 281
2020-03-25 13:05:20.748505: I tensorflow/core/common_runtime/bfc_allocator.cc:950] InUse at 7f6a349a6c00 of size 2048 next 283
2020-03-25 13:05:20.748530: I tensorflow/core/common_runtime/bfc_allocator.cc:950] InUse at 7f6a349a7400 of size 2048 next 285
2020-03-25 13:05:20.748533: I tensorflow/core/common_runtime/bfc_allocator.cc:950] InUse at 7f6a349a7c00 of size 2048 next 287
2020-03-25 13:05:20.748537: I tensorflow/core/common_runtime/bfc_allocator.cc:950] InUse at 7f6a349a8400 of size 2048 next 289
2020-03-25 13:05:20.748540: I tensorflow/core/common_runtime/bfc_allocator.cc:950] InUse at 7f6a349a8c00 of size 2048 next 291
2020-03-25 13:05:20.748543: I tensorflow/core/common_runtime/bfc_allocator.cc:950] InUse at 7f6a349a9400 of size 2048 next 293
2020-03-25 13:05:20.748546: I tensorflow/core/common_runtime/bfc_allocator.cc:950] InUse at 7f6a349a9c00 of size 16384 next 295
2020-03-25 13:05:20.748549: I tensorflow/core/common_runtime/bfc_allocator.cc:950] InUse at 7f6a349adc00 of size 16384 next 297
2020-03-25 13:05:20.748552: I tensorflow/core/common_runtime/bfc_allocator.cc:950] InUse at 7f6a349b1c00 of size 256 next 299
2020-03-25 13:05:20.748554: I tensorflow/core/common_runtime/bfc_allocator.cc:950] InUse at 7f6a349b1d00 of size 6912 next 300
2020-03-25 13:05:20.748557: I tensorflow/core/common_runtime/bfc_allocator.cc:950] InUse at 7f6a349b3800 of size 256 next 301
2020-03-25 13:05:20.748560: I tensorflow/core/common_runtime/bfc_allocator.cc:950] InUse at 7f6a349b3900 of size 256 next 303
2020-03-25 13:05:20.748563: I tensorflow/core/common_runtime/bfc_allocator.cc:950] InUse at 7f6a349b3a00 of size 512 next 305
2020-03-25 13:05:20.748566: I tensorflow/core/common_runtime/bfc_allocator.cc:950] InUse at 7f6a349b3c00 of size 512 next 307
2020-03-25 13:05:20.748568: I tensorflow/core/common_runtime/bfc_allocator.cc:950] InUse at 7f6a349b3e00 of size 1024 next 308
2020-03-25 13:05:20.748571: I tensorflow/core/common_runtime/bfc_allocator.cc:950] InUse at 7f6a349b4200 of size 1024 next 310
2020-03-25 13:05:20.748574: I tensorflow/core/common_runtime/bfc_allocator.cc:950] InUse at 7f6a349b4600 of size 1024 next 311
2020-03-25 13:05:20.748577: I tensorflow/core/common_runtime/bfc_allocator.cc:950] InUse at 7f6a349b4a00 of size 2048 next 313
2020-03-25 13:05:20.748580: I tensorflow/core/common_runtime/bfc_allocator.cc:950] InUse at 7f6a349b5200 of size 2048 next 315
2020-03-25 13:05:20.748582: I tensorflow/core/common_runtime/bfc_allocator.cc:950] InUse at 7f6a349b5a00 of size 2048 next 316
2020-03-25 13:05:20.748585: I tensorflow/core/common_runtime/bfc_allocator.cc:950] InUse at 7f6a349b6200 of size 2048 next 318
2020-03-25 13:05:20.748588: I tensorflow/core/common_runtime/bfc_allocator.cc:950] InUse at 7f6a349b6a00 of size 2048 next 320
2020-03-25 13:05:20.748591: I tensorflow/core/common_runtime/bfc_allocator.cc:950] InUse at 7f6a349b7200 of size 2048 next 322
2020-03-25 13:05:20.748594: I tensorflow/core/common_runtime/bfc_allocator.cc:950] InUse at 7f6a349b7a00 of size 20224 next 258
2020-03-25 13:05:20.748596: I tensorflow/core/common_runtime/bfc_allocator.cc:950] InUse at 7f6a349bc900 of size 49152 next 260
2020-03-25 13:05:20.748599: I tensorflow/core/common_runtime/bfc_allocator.cc:950] InUse at 7f6a349c8900 of size 147456 next 271
2020-03-25 13:05:20.748602: I tensorflow/core/common_runtime/bfc_allocator.cc:950] InUse at 7f6a349ec900 of size 294912 next 273
2020-03-25 13:05:20.748605: I tensorflow/core/common_runtime/bfc_allocator.cc:950] InUse at 7f6a34a34900 of size 589824 next 275
2020-03-25 13:05:20.748608: I tensorflow/core/common_runtime/bfc_allocator.cc:950] InUse at 7f6a34ac4900 of size 1179648 next 277
2020-03-25 13:05:20.748611: I tensorflow/core/common_runtime/bfc_allocator.cc:950] InUse at 7f6a34be4900 of size 49152 next 298
2020-03-25 13:05:20.748613: I tensorflow/core/common_runtime/bfc_allocator.cc:950] InUse at 7f6a34bf0900 of size 147456 next 302
2020-03-25 13:05:20.748616: I tensorflow/core/common_runtime/bfc_allocator.cc:950] InUse at 7f6a34c14900 of size 294912 next 304
2020-03-25 13:05:20.748619: I tensorflow/core/common_runtime/bfc_allocator.cc:950] InUse at 7f6a34c5c900 of size 589824 next 306
2020-03-25 13:05:20.748622: I tensorflow/core/common_runtime/bfc_allocator.cc:950] InUse at 7f6a34cec900 of size 1245184 next 227
2020-03-25 13:05:20.748625: I tensorflow/core/common_runtime/bfc_allocator.cc:950] InUse at 7f6a34e1c900 of size 4718592 next 224
2020-03-25 13:05:20.748629: I tensorflow/core/common_runtime/bfc_allocator.cc:950] InUse at 7f6a3529c900 of size 2359296 next 278
2020-03-25 13:05:20.748632: I tensorflow/core/common_runtime/bfc_allocator.cc:950] InUse at 7f6a354dc900 of size 2359296 next 280
2020-03-25 13:05:20.748635: I tensorflow/core/common_runtime/bfc_allocator.cc:950] InUse at 7f6a3571c900 of size 4718592 next 282
2020-03-25 13:05:20.748638: I tensorflow/core/common_runtime/bfc_allocator.cc:950] InUse at 7f6a35b9c900 of size 2359296 next 309
2020-03-25 13:05:20.748641: I tensorflow/core/common_runtime/bfc_allocator.cc:950] InUse at 7f6a35ddc900 of size 2359296 next 236
2020-03-25 13:05:20.748643: I tensorflow/core/common_runtime/bfc_allocator.cc:950] InUse at 7f6a3601c900 of size 9437184 next 252
2020-03-25 13:05:20.748646: I tensorflow/core/common_runtime/bfc_allocator.cc:950] InUse at 7f6a3691c900 of size 9437184 next 246
2020-03-25 13:05:20.748649: I tensorflow/core/common_runtime/bfc_allocator.cc:950] InUse at 7f6a3721c900 of size 13979648 next 104
2020-03-25 13:05:20.748652: I tensorflow/core/common_runtime/bfc_allocator.cc:950] InUse at 7f6a37f71900 of size 67108864 next 147
2020-03-25 13:05:20.748655: I tensorflow/core/common_runtime/bfc_allocator.cc:950] InUse at 7f6a3bf71900 of size 536870912 next 57
2020-03-25 13:05:20.748658: I tensorflow/core/common_runtime/bfc_allocator.cc:950] InUse at 7f6a5bf71900 of size 2359296 next 170
2020-03-25 13:05:20.748660: I tensorflow/core/common_runtime/bfc_allocator.cc:950] InUse at 7f6a5c1b1900 of size 4718592 next 172
2020-03-25 13:05:20.748663: I tensorflow/core/common_runtime/bfc_allocator.cc:950] InUse at 7f6a5c631900 of size 9437184 next 174
2020-03-25 13:05:20.748666: I tensorflow/core/common_runtime/bfc_allocator.cc:950] InUse at 7f6a5cf31900 of size 9437184 next 176
2020-03-25 13:05:20.748669: I tensorflow/core/common_runtime/bfc_allocator.cc:950] InUse at 7f6a5d831900 of size 9437184 next 178
2020-03-25 13:05:20.748672: I tensorflow/core/common_runtime/bfc_allocator.cc:950] InUse at 7f6a5e131900 of size 9437184 next 180
2020-03-25 13:05:20.748675: I tensorflow/core/common_runtime/bfc_allocator.cc:950] InUse at 7f6a5ea31900 of size 9437184 next 182
2020-03-25 13:05:20.748677: I tensorflow/core/common_runtime/bfc_allocator.cc:950] InUse at 7f6a5f331900 of size 49152 next 187
2020-03-25 13:05:20.748680: I tensorflow/core/common_runtime/bfc_allocator.cc:950] InUse at 7f6a5f33d900 of size 147456 next 191
2020-03-25 13:05:20.748683: I tensorflow/core/common_runtime/bfc_allocator.cc:950] InUse at 7f6a5f361900 of size 294912 next 193
2020-03-25 13:05:20.748686: I tensorflow/core/common_runtime/bfc_allocator.cc:950] InUse at 7f6a5f3a9900 of size 589824 next 195
2020-03-25 13:05:20.748689: I tensorflow/core/common_runtime/bfc_allocator.cc:950] InUse at 7f6a5f439900 of size 1179648 next 197
2020-03-25 13:05:20.748692: I tensorflow/core/common_runtime/bfc_allocator.cc:950] InUse at 7f6a5f559900 of size 2359296 next 199
2020-03-25 13:05:20.748694: I tensorflow/core/common_runtime/bfc_allocator.cc:950] InUse at 7f6a5f799900 of size 2359296 next 201
2020-03-25 13:05:20.748697: I tensorflow/core/common_runtime/bfc_allocator.cc:950] InUse at 7f6a5f9d9900 of size 5865472 next 34
2020-03-25 13:05:20.748700: I tensorflow/core/common_runtime/bfc_allocator.cc:950] InUse at 7f6a5ff71900 of size 67108864 next 21
2020-03-25 13:05:20.748703: I tensorflow/core/common_runtime/bfc_allocator.cc:950] InUse at 7f6a63f71900 of size 9437184 next 204
2020-03-25 13:05:20.748706: I tensorflow/core/common_runtime/bfc_allocator.cc:950] InUse at 7f6a64871900 of size 9437184 next 206
2020-03-25 13:05:20.748709: I tensorflow/core/common_runtime/bfc_allocator.cc:950] InUse at 7f6a65171900 of size 9437184 next 208
2020-03-25 13:05:20.748711: I tensorflow/core/common_runtime/bfc_allocator.cc:950] InUse at 7f6a65a71900 of size 9437184 next 210
2020-03-25 13:05:20.748714: I tensorflow/core/common_runtime/bfc_allocator.cc:950] InUse at 7f6a66371900 of size 9437184 next 212
2020-03-25 13:05:20.748718: I tensorflow/core/common_runtime/bfc_allocator.cc:950] InUse at 7f6a66c71900 of size 9437184 next 245
2020-03-25 13:05:20.748721: I tensorflow/core/common_runtime/bfc_allocator.cc:950] InUse at 7f6a67571900 of size 67108864 next 296
2020-03-25 13:05:20.748724: I tensorflow/core/common_runtime/bfc_allocator.cc:950] InUse at 7f6a6b571900 of size 9437184 next 317
2020-03-25 13:05:20.748727: I tensorflow/core/common_runtime/bfc_allocator.cc:950] InUse at 7f6a6be71900 of size 9437184 next 319
2020-03-25 13:05:20.748730: I tensorflow/core/common_runtime/bfc_allocator.cc:950] InUse at 7f6a6c771900 of size 9437184 next 321
2020-03-25 13:05:20.748733: I tensorflow/core/common_runtime/bfc_allocator.cc:950] InUse at 7f6a6d071900 of size 16384 next 324
2020-03-25 13:05:20.748735: I tensorflow/core/common_runtime/bfc_allocator.cc:950] InUse at 7f6a6d075900 of size 49152 next 325
2020-03-25 13:05:20.748738: I tensorflow/core/common_runtime/bfc_allocator.cc:950] InUse at 7f6a6d081900 of size 256 next 326
2020-03-25 13:05:20.748741: I tensorflow/core/common_runtime/bfc_allocator.cc:950] InUse at 7f6a6d081a00 of size 256 next 327
2020-03-25 13:05:20.748744: I tensorflow/core/common_runtime/bfc_allocator.cc:950] InUse at 7f6a6d081b00 of size 256 next 328
2020-03-25 13:05:20.748747: I tensorflow/core/common_runtime/bfc_allocator.cc:950] InUse at 7f6a6d081c00 of size 256 next 329
2020-03-25 13:05:20.748749: I tensorflow/core/common_runtime/bfc_allocator.cc:950] InUse at 7f6a6d081d00 of size 256 next 355
2020-03-25 13:05:20.748752: I tensorflow/core/common_runtime/bfc_allocator.cc:950] InUse at 7f6a6d081e00 of size 256 next 341
2020-03-25 13:05:20.748755: I tensorflow/core/common_runtime/bfc_allocator.cc:950] InUse at 7f6a6d081f00 of size 768 next 346
2020-03-25 13:05:20.748758: I tensorflow/core/common_runtime/bfc_allocator.cc:950] InUse at 7f6a6d082200 of size 1536 next 332
2020-03-25 13:05:20.748761: I tensorflow/core/common_runtime/bfc_allocator.cc:950] InUse at 7f6a6d082800 of size 1024 next 353
2020-03-25 13:05:20.748763: I tensorflow/core/common_runtime/bfc_allocator.cc:950] InUse at 7f6a6d082c00 of size 3072 next 363
2020-03-25 13:05:20.748766: I tensorflow/core/common_runtime/bfc_allocator.cc:950] InUse at 7f6a6d083800 of size 2048 next 336
2020-03-25 13:05:20.748769: I tensorflow/core/common_runtime/bfc_allocator.cc:950] InUse at 7f6a6d084000 of size 2048 next 338
2020-03-25 13:05:20.748772: I tensorflow/core/common_runtime/bfc_allocator.cc:950] InUse at 7f6a6d084800 of size 256 next 373
2020-03-25 13:05:20.748775: I tensorflow/core/common_runtime/bfc_allocator.cc:950] InUse at 7f6a6d084900 of size 256 next 374
2020-03-25 13:05:20.748777: I tensorflow/core/common_runtime/bfc_allocator.cc:950] InUse at 7f6a6d084a00 of size 256 next 375
2020-03-25 13:05:20.748780: I tensorflow/core/common_runtime/bfc_allocator.cc:950] InUse at 7f6a6d084b00 of size 256 next 377
2020-03-25 13:05:20.748783: I tensorflow/core/common_runtime/bfc_allocator.cc:950] InUse at 7f6a6d084c00 of size 256 next 379
2020-03-25 13:05:20.748786: I tensorflow/core/common_runtime/bfc_allocator.cc:950] InUse at 7f6a6d084d00 of size 512 next 381
2020-03-25 13:05:20.748789: I tensorflow/core/common_runtime/bfc_allocator.cc:950] InUse at 7f6a6d084f00 of size 512 next 383
2020-03-25 13:05:20.748791: I tensorflow/core/common_runtime/bfc_allocator.cc:950] InUse at 7f6a6d085100 of size 1280 next 342
2020-03-25 13:05:20.748794: I tensorflow/core/common_runtime/bfc_allocator.cc:950] InUse at 7f6a6d085600 of size 512 next 337
2020-03-25 13:05:20.748797: I tensorflow/core/common_runtime/bfc_allocator.cc:950] InUse at 7f6a6d085800 of size 1024 next 361
2020-03-25 13:05:20.748800: I tensorflow/core/common_runtime/bfc_allocator.cc:950] InUse at 7f6a6d085c00 of size 2048 next 348
2020-03-25 13:05:20.748803: I tensorflow/core/common_runtime/bfc_allocator.cc:950] InUse at 7f6a6d086400 of size 3328 next 347
2020-03-25 13:05:20.748806: I tensorflow/core/common_runtime/bfc_allocator.cc:950] InUse at 7f6a6d087100 of size 2048 next 339
2020-03-25 13:05:20.748808: I tensorflow/core/common_runtime/bfc_allocator.cc:950] InUse at 7f6a6d087900 of size 256 next 334
2020-03-25 13:05:20.748813: I tensorflow/core/common_runtime/bfc_allocator.cc:950] InUse at 7f6a6d087a00 of size 256 next 366
2020-03-25 13:05:20.748815: I tensorflow/core/common_runtime/bfc_allocator.cc:950] InUse at 7f6a6d087b00 of size 256 next 368
2020-03-25 13:05:20.748818: I tensorflow/core/common_runtime/bfc_allocator.cc:950] InUse at 7f6a6d087c00 of size 256 next 370
2020-03-25 13:05:20.748821: I tensorflow/core/common_runtime/bfc_allocator.cc:950] InUse at 7f6a6d087d00 of size 256 next 371
2020-03-25 13:05:20.748824: I tensorflow/core/common_runtime/bfc_allocator.cc:950] InUse at 7f6a6d087e00 of size 256 next 369
2020-03-25 13:05:20.748827: I tensorflow/core/common_runtime/bfc_allocator.cc:950] InUse at 7f6a6d087f00 of size 256 next 372
2020-03-25 13:05:20.748829: I tensorflow/core/common_runtime/bfc_allocator.cc:950] InUse at 7f6a6d088000 of size 256 next 350
2020-03-25 13:05:20.748832: I tensorflow/core/common_runtime/bfc_allocator.cc:950] InUse at 7f6a6d088100 of size 6912 next 364
2020-03-25 13:05:20.748835: I tensorflow/core/common_runtime/bfc_allocator.cc:950] InUse at 7f6a6d089c00 of size 283904 next 354
2020-03-25 13:05:20.748838: I tensorflow/core/common_runtime/bfc_allocator.cc:950] InUse at 7f6a6d0cf100 of size 442368 next 343
2020-03-25 13:05:20.748841: I tensorflow/core/common_runtime/bfc_allocator.cc:950] InUse at 7f6a6d13b100 of size 2064384 next 358
2020-03-25 13:05:20.748844: I tensorflow/core/common_runtime/bfc_allocator.cc:950] InUse at 7f6a6d333100 of size 589824 next 356
2020-03-25 13:05:20.748846: I tensorflow/core/common_runtime/bfc_allocator.cc:950] InUse at 7f6a6d3c3100 of size 11206656 next 340
2020-03-25 13:05:20.748849: I tensorflow/core/common_runtime/bfc_allocator.cc:950] InUse at 7f6a6de73100 of size 2359296 next 362
2020-03-25 13:05:20.748852: I tensorflow/core/common_runtime/bfc_allocator.cc:950] InUse at 7f6a6e0b3100 of size 2359296 next 349
2020-03-25 13:05:20.748855: I tensorflow/core/common_runtime/bfc_allocator.cc:950] InUse at 7f6a6e2f3100 of size 16384 next 331
2020-03-25 13:05:20.748858: I tensorflow/core/common_runtime/bfc_allocator.cc:950] InUse at 7f6a6e2f7100 of size 16384 next 345
2020-03-25 13:05:20.748860: I tensorflow/core/common_runtime/bfc_allocator.cc:950] InUse at 7f6a6e2fb100 of size 6912 next 376
2020-03-25 13:05:20.748863: I tensorflow/core/common_runtime/bfc_allocator.cc:950] InUse at 7f6a6e2fcc00 of size 1024 next 386
2020-03-25 13:05:20.748866: I tensorflow/core/common_runtime/bfc_allocator.cc:950] InUse at 7f6a6e2fd000 of size 1024 next 388
2020-03-25 13:05:20.748869: I tensorflow/core/common_runtime/bfc_allocator.cc:950] InUse at 7f6a6e2fd400 of size 2048 next 390
2020-03-25 13:05:20.748872: I tensorflow/core/common_runtime/bfc_allocator.cc:950] InUse at 7f6a6e2fdc00 of size 2048 next 392
2020-03-25 13:05:20.748875: I tensorflow/core/common_runtime/bfc_allocator.cc:950] InUse at 7f6a6e2fe400 of size 2048 next 394
2020-03-25 13:05:20.748877: I tensorflow/core/common_runtime/bfc_allocator.cc:950] InUse at 7f6a6e2fec00 of size 2048 next 396
2020-03-25 13:05:20.748880: I tensorflow/core/common_runtime/bfc_allocator.cc:950] InUse at 7f6a6e2ff400 of size 2048 next 398
2020-03-25 13:05:20.748883: I tensorflow/core/common_runtime/bfc_allocator.cc:950] InUse at 7f6a6e2ffc00 of size 2048 next 400
2020-03-25 13:05:20.748886: I tensorflow/core/common_runtime/bfc_allocator.cc:950] InUse at 7f6a6e300400 of size 16384 next 402
2020-03-25 13:05:20.748889: I tensorflow/core/common_runtime/bfc_allocator.cc:950] InUse at 7f6a6e304400 of size 16384 next 404
2020-03-25 13:05:20.748891: I tensorflow/core/common_runtime/bfc_allocator.cc:950] InUse at 7f6a6e308400 of size 256 next 406
2020-03-25 13:05:20.748894: I tensorflow/core/common_runtime/bfc_allocator.cc:950] InUse at 7f6a6e308500 of size 6912 next 407
2020-03-25 13:05:20.748897: I tensorflow/core/common_runtime/bfc_allocator.cc:950] InUse at 7f6a6e30a000 of size 256 next 408
2020-03-25 13:05:20.748900: I tensorflow/core/common_runtime/bfc_allocator.cc:950] InUse at 7f6a6e30a100 of size 256 next 410
2020-03-25 13:05:20.748904: I tensorflow/core/common_runtime/bfc_allocator.cc:950] InUse at 7f6a6e30a200 of size 512 next 412
2020-03-25 13:05:20.748907: I tensorflow/core/common_runtime/bfc_allocator.cc:950] InUse at 7f6a6e30a400 of size 512 next 414
2020-03-25 13:05:20.748910: I tensorflow/core/common_runtime/bfc_allocator.cc:950] InUse at 7f6a6e30a600 of size 1024 next 416
2020-03-25 13:05:20.748913: I tensorflow/core/common_runtime/bfc_allocator.cc:950] InUse at 7f6a6e30aa00 of size 1024 next 418
2020-03-25 13:05:20.748915: I tensorflow/core/common_runtime/bfc_allocator.cc:950] InUse at 7f6a6e30ae00 of size 1024 next 419
2020-03-25 13:05:20.748918: I tensorflow/core/common_runtime/bfc_allocator.cc:950] InUse at 7f6a6e30b200 of size 2048 next 421
2020-03-25 13:05:20.748921: I tensorflow/core/common_runtime/bfc_allocator.cc:950] InUse at 7f6a6e30ba00 of size 2048 next 423
2020-03-25 13:05:20.748924: I tensorflow/core/common_runtime/bfc_allocator.cc:950] InUse at 7f6a6e30c200 of size 2048 next 425
2020-03-25 13:05:20.748927: I tensorflow/core/common_runtime/bfc_allocator.cc:950] InUse at 7f6a6e30ca00 of size 2048 next 426
2020-03-25 13:05:20.748929: I tensorflow/core/common_runtime/bfc_allocator.cc:950] InUse at 7f6a6e30d200 of size 2048 next 428
2020-03-25 13:05:20.748932: I tensorflow/core/common_runtime/bfc_allocator.cc:950] InUse at 7f6a6e30da00 of size 2048 next 430
2020-03-25 13:05:20.748935: I tensorflow/core/common_runtime/bfc_allocator.cc:950] InUse at 7f6a6e30e200 of size 20224 next 365
2020-03-25 13:05:20.748938: I tensorflow/core/common_runtime/bfc_allocator.cc:950] InUse at 7f6a6e313100 of size 49152 next 367
2020-03-25 13:05:20.748941: I tensorflow/core/common_runtime/bfc_allocator.cc:950] InUse at 7f6a6e31f100 of size 147456 next 378
2020-03-25 13:05:20.748943: I tensorflow/core/common_runtime/bfc_allocator.cc:950] InUse at 7f6a6e343100 of size 294912 next 380
2020-03-25 13:05:20.748946: I tensorflow/core/common_runtime/bfc_allocator.cc:950] InUse at 7f6a6e38b100 of size 589824 next 382
2020-03-25 13:05:20.748949: I tensorflow/core/common_runtime/bfc_allocator.cc:950] InUse at 7f6a6e41b100 of size 1179648 next 384
2020-03-25 13:05:20.748952: I tensorflow/core/common_runtime/bfc_allocator.cc:950] InUse at 7f6a6e53b100 of size 2359296 next 385
2020-03-25 13:05:20.748955: I tensorflow/core/common_runtime/bfc_allocator.cc:950] InUse at 7f6a6e77b100 of size 2359296 next 387
2020-03-25 13:05:20.748958: I tensorflow/core/common_runtime/bfc_allocator.cc:950] InUse at 7f6a6e9bb100 of size 4718592 next 389
2020-03-25 13:05:20.748960: I tensorflow/core/common_runtime/bfc_allocator.cc:950] InUse at 7f6a6ee3b100 of size 49152 next 405
2020-03-25 13:05:20.748963: I tensorflow/core/common_runtime/bfc_allocator.cc:950] InUse at 7f6a6ee47100 of size 147456 next 409
2020-03-25 13:05:20.748966: I tensorflow/core/common_runtime/bfc_allocator.cc:950] InUse at 7f6a6ee6b100 of size 294912 next 411
2020-03-25 13:05:20.748969: I tensorflow/core/common_runtime/bfc_allocator.cc:950] InUse at 7f6a6eeb3100 of size 589824 next 413
2020-03-25 13:05:20.748972: I tensorflow/core/common_runtime/bfc_allocator.cc:950] InUse at 7f6a6ef43100 of size 1179648 next 415
2020-03-25 13:05:20.748974: I tensorflow/core/common_runtime/bfc_allocator.cc:950] InUse at 7f6a6f063100 of size 2359296 next 417
2020-03-25 13:05:20.748977: I tensorflow/core/common_runtime/bfc_allocator.cc:950] InUse at 7f6a6f2a3100 of size 2942976 next 248
2020-03-25 13:05:20.748980: I tensorflow/core/common_runtime/bfc_allocator.cc:950] InUse at 7f6a6f571900 of size 67108864 next 257
2020-03-25 13:05:20.748983: I tensorflow/core/common_runtime/bfc_allocator.cc:950] InUse at 7f6a73571900 of size 9437184 next 284
2020-03-25 13:05:20.748986: I tensorflow/core/common_runtime/bfc_allocator.cc:950] InUse at 7f6a73e71900 of size 9437184 next 286
2020-03-25 13:05:20.748989: I tensorflow/core/common_runtime/bfc_allocator.cc:950] InUse at 7f6a74771900 of size 9437184 next 288
2020-03-25 13:05:20.748991: I tensorflow/core/common_runtime/bfc_allocator.cc:950] InUse at 7f6a75071900 of size 9437184 next 290
2020-03-25 13:05:20.748996: I tensorflow/core/common_runtime/bfc_allocator.cc:950] InUse at 7f6a75971900 of size 9437184 next 292
2020-03-25 13:05:20.748999: I tensorflow/core/common_runtime/bfc_allocator.cc:950] InUse at 7f6a76271900 of size 4718592 next 312
2020-03-25 13:05:20.749001: I tensorflow/core/common_runtime/bfc_allocator.cc:950] InUse at 7f6a766f1900 of size 9437184 next 314
2020-03-25 13:05:20.749004: I tensorflow/core/common_runtime/bfc_allocator.cc:950] InUse at 7f6a76ff1900 of size 16252928 next 112
2020-03-25 13:05:20.749007: I tensorflow/core/common_runtime/bfc_allocator.cc:950] InUse at 7f6a77f71900 of size 536870912 next 142
2020-03-25 13:05:20.749010: I tensorflow/core/common_runtime/bfc_allocator.cc:950] InUse at 7f6a97f71900 of size 536870912 next 6
2020-03-25 13:05:20.749013: I tensorflow/core/common_runtime/bfc_allocator.cc:950] InUse at 7f6ab7f71900 of size 536870912 next 294
2020-03-25 13:05:20.749016: I tensorflow/core/common_runtime/bfc_allocator.cc:950] InUse at 7f6ad7f71900 of size 536870912 next 249
2020-03-25 13:05:20.749019: I tensorflow/core/common_runtime/bfc_allocator.cc:950] InUse at 7f6af7f71900 of size 536870912 next 222
2020-03-25 13:05:20.749021: I tensorflow/core/common_runtime/bfc_allocator.cc:950] InUse at 7f6b17f71900 of size 67108864 next 323
2020-03-25 13:05:20.749024: I tensorflow/core/common_runtime/bfc_allocator.cc:950] InUse at 7f6b1bf71900 of size 4718592 next 351
2020-03-25 13:05:20.749027: I tensorflow/core/common_runtime/bfc_allocator.cc:950] InUse at 7f6b1c3f1900 of size 14155776 next 352
2020-03-25 13:05:20.749030: I tensorflow/core/common_runtime/bfc_allocator.cc:950] InUse at 7f6b1d171900 of size 9437184 next 344
2020-03-25 13:05:20.749033: I tensorflow/core/common_runtime/bfc_allocator.cc:950] InUse at 7f6b1da71900 of size 9437184 next 360
2020-03-25 13:05:20.749036: I tensorflow/core/common_runtime/bfc_allocator.cc:950] InUse at 7f6b1e371900 of size 9437184 next 335
2020-03-25 13:05:20.749038: I tensorflow/core/common_runtime/bfc_allocator.cc:950] InUse at 7f6b1ec71900 of size 536870912 next 401
2020-03-25 13:05:20.749041: I tensorflow/core/common_runtime/bfc_allocator.cc:950] InUse at 7f6b3ec71900 of size 536870912 next 333
2020-03-25 13:05:20.749044: I tensorflow/core/common_runtime/bfc_allocator.cc:950] InUse at 7f6b5ec71900 of size 536870912 next 359
2020-03-25 13:05:20.749047: I tensorflow/core/common_runtime/bfc_allocator.cc:950] InUse at 7f6b7ec71900 of size 67108864 next 403
2020-03-25 13:05:20.749050: I tensorflow/core/common_runtime/bfc_allocator.cc:950] InUse at 7f6b82c71900 of size 9437184 next 427
2020-03-25 13:05:20.749053: I tensorflow/core/common_runtime/bfc_allocator.cc:950] InUse at 7f6b83571900 of size 9437184 next 429
2020-03-25 13:05:20.749055: I tensorflow/core/common_runtime/bfc_allocator.cc:950] Free  at 7f6b83e71900 of size 48234496 next 330
2020-03-25 13:05:20.749058: I tensorflow/core/common_runtime/bfc_allocator.cc:950] InUse at 7f6b86c71900 of size 67108864 next 357
2020-03-25 13:05:20.749061: I tensorflow/core/common_runtime/bfc_allocator.cc:950] InUse at 7f6b8ac71900 of size 9437184 next 391
2020-03-25 13:05:20.749064: I tensorflow/core/common_runtime/bfc_allocator.cc:950] InUse at 7f6b8b571900 of size 9437184 next 393
2020-03-25 13:05:20.749067: I tensorflow/core/common_runtime/bfc_allocator.cc:950] InUse at 7f6b8be71900 of size 9437184 next 395
2020-03-25 13:05:20.749070: I tensorflow/core/common_runtime/bfc_allocator.cc:950] InUse at 7f6b8c771900 of size 9437184 next 397
2020-03-25 13:05:20.749072: I tensorflow/core/common_runtime/bfc_allocator.cc:950] InUse at 7f6b8d071900 of size 9437184 next 399
2020-03-25 13:05:20.749075: I tensorflow/core/common_runtime/bfc_allocator.cc:950] InUse at 7f6b8d971900 of size 4718592 next 420
2020-03-25 13:05:20.749078: I tensorflow/core/common_runtime/bfc_allocator.cc:950] InUse at 7f6b8ddf1900 of size 9437184 next 422
2020-03-25 13:05:20.749081: I tensorflow/core/common_runtime/bfc_allocator.cc:950] InUse at 7f6b8e6f1900 of size 9437184 next 424
2020-03-25 13:05:20.749085: I tensorflow/core/common_runtime/bfc_allocator.cc:950] InUse at 7f6b8eff1900 of size 12884480 next 18446744073709551615
2020-03-25 13:05:20.749088: I tensorflow/core/common_runtime/bfc_allocator.cc:955]      Summary of in-use Chunks by size: 
2020-03-25 13:05:20.749092: I tensorflow/core/common_runtime/bfc_allocator.cc:958] 84 Chunks of size 256 totalling 21.0KiB
2020-03-25 13:05:20.749096: I tensorflow/core/common_runtime/bfc_allocator.cc:958] 20 Chunks of size 512 totalling 10.0KiB
2020-03-25 13:05:20.749099: I tensorflow/core/common_runtime/bfc_allocator.cc:958] 4 Chunks of size 768 totalling 3.0KiB
2020-03-25 13:05:20.749102: I tensorflow/core/common_runtime/bfc_allocator.cc:958] 28 Chunks of size 1024 totalling 28.0KiB
2020-03-25 13:05:20.749105: I tensorflow/core/common_runtime/bfc_allocator.cc:958] 5 Chunks of size 1280 totalling 6.2KiB
2020-03-25 13:05:20.749109: I tensorflow/core/common_runtime/bfc_allocator.cc:958] 4 Chunks of size 1536 totalling 6.0KiB
2020-03-25 13:05:20.749112: I tensorflow/core/common_runtime/bfc_allocator.cc:958] 64 Chunks of size 2048 totalling 128.0KiB
2020-03-25 13:05:20.749115: I tensorflow/core/common_runtime/bfc_allocator.cc:958] 4 Chunks of size 3072 totalling 12.0KiB
2020-03-25 13:05:20.749118: I tensorflow/core/common_runtime/bfc_allocator.cc:958] 4 Chunks of size 3328 totalling 13.0KiB
2020-03-25 13:05:20.749121: I tensorflow/core/common_runtime/bfc_allocator.cc:958] 12 Chunks of size 6912 totalling 81.0KiB
2020-03-25 13:05:20.749125: I tensorflow/core/common_runtime/bfc_allocator.cc:958] 19 Chunks of size 16384 totalling 304.0KiB
2020-03-25 13:05:20.749128: I tensorflow/core/common_runtime/bfc_allocator.cc:958] 4 Chunks of size 20224 totalling 79.0KiB
2020-03-25 13:05:20.749131: I tensorflow/core/common_runtime/bfc_allocator.cc:958] 11 Chunks of size 49152 totalling 528.0KiB
2020-03-25 13:05:20.749134: I tensorflow/core/common_runtime/bfc_allocator.cc:958] 8 Chunks of size 147456 totalling 1.12MiB
2020-03-25 13:05:20.749137: I tensorflow/core/common_runtime/bfc_allocator.cc:958] 4 Chunks of size 283904 totalling 1.08MiB
2020-03-25 13:05:20.749140: I tensorflow/core/common_runtime/bfc_allocator.cc:958] 8 Chunks of size 294912 totalling 2.25MiB
2020-03-25 13:05:20.749143: I tensorflow/core/common_runtime/bfc_allocator.cc:958] 4 Chunks of size 442368 totalling 1.69MiB
2020-03-25 13:05:20.749147: I tensorflow/core/common_runtime/bfc_allocator.cc:958] 12 Chunks of size 589824 totalling 6.75MiB
2020-03-25 13:05:20.749150: I tensorflow/core/common_runtime/bfc_allocator.cc:958] 7 Chunks of size 1179648 totalling 7.88MiB
2020-03-25 13:05:20.749153: I tensorflow/core/common_runtime/bfc_allocator.cc:958] 1 Chunks of size 1245184 totalling 1.19MiB
2020-03-25 13:05:20.749156: I tensorflow/core/common_runtime/bfc_allocator.cc:958] 4 Chunks of size 2064384 totalling 7.88MiB
2020-03-25 13:05:20.749159: I tensorflow/core/common_runtime/bfc_allocator.cc:958] 21 Chunks of size 2359296 totalling 47.25MiB
2020-03-25 13:05:20.749162: I tensorflow/core/common_runtime/bfc_allocator.cc:958] 1 Chunks of size 2942976 totalling 2.81MiB
2020-03-25 13:05:20.749165: I tensorflow/core/common_runtime/bfc_allocator.cc:958] 2 Chunks of size 4096000 totalling 7.81MiB
2020-03-25 13:05:20.749168: I tensorflow/core/common_runtime/bfc_allocator.cc:958] 11 Chunks of size 4718592 totalling 49.50MiB
2020-03-25 13:05:20.749172: I tensorflow/core/common_runtime/bfc_allocator.cc:958] 1 Chunks of size 5865472 totalling 5.59MiB
2020-03-25 13:05:20.749175: I tensorflow/core/common_runtime/bfc_allocator.cc:958] 54 Chunks of size 9437184 totalling 486.00MiB
2020-03-25 13:05:20.749178: I tensorflow/core/common_runtime/bfc_allocator.cc:958] 2 Chunks of size 11206656 totalling 21.38MiB
2020-03-25 13:05:20.749181: I tensorflow/core/common_runtime/bfc_allocator.cc:958] 1 Chunks of size 12884480 totalling 12.29MiB
2020-03-25 13:05:20.749185: I tensorflow/core/common_runtime/bfc_allocator.cc:958] 1 Chunks of size 13979648 totalling 13.33MiB
2020-03-25 13:05:20.749188: I tensorflow/core/common_runtime/bfc_allocator.cc:958] 1 Chunks of size 14155776 totalling 13.50MiB
2020-03-25 13:05:20.749193: I tensorflow/core/common_runtime/bfc_allocator.cc:958] 1 Chunks of size 16252928 totalling 15.50MiB
2020-03-25 13:05:20.749196: I tensorflow/core/common_runtime/bfc_allocator.cc:958] 10 Chunks of size 67108864 totalling 640.00MiB
2020-03-25 13:05:20.749200: I tensorflow/core/common_runtime/bfc_allocator.cc:958] 1 Chunks of size 79953920 totalling 76.25MiB
2020-03-25 13:05:20.749203: I tensorflow/core/common_runtime/bfc_allocator.cc:958] 12 Chunks of size 536870912 totalling 6.00GiB
2020-03-25 13:05:20.749206: I tensorflow/core/common_runtime/bfc_allocator.cc:962] Sum Total of in-use chunks: 7.39GiB
2020-03-25 13:05:20.749209: I tensorflow/core/common_runtime/bfc_allocator.cc:964] total_region_allocated_bytes_: 7982002944 memory_limit_: 7982002996 available bytes: 52 curr_region_allocation_bytes_: 15964006400
2020-03-25 13:05:20.749214: I tensorflow/core/common_runtime/bfc_allocator.cc:970] Stats: 
Limit:                  7982002996
InUse:                  7933768448
MaxInUse:               7933768704
NumAllocs:                  566690
MaxAllocSize:           3338665984

2020-03-25 13:05:20.749228: W tensorflow/core/common_runtime/bfc_allocator.cc:429] ****************************************************************************************************
2020-03-25 13:05:20.749241: W tensorflow/core/framework/op_kernel.cc:1655] OP_REQUIRES failed at constant_op.cc:174 : Resource exhausted: OOM when allocating tensor with shape[4096,4096] and type float on /job:localhost/replica:0/task:0/device:GPU:0 by allocator GPU_0_bfc
2020-03-25 13:05:20.751886: I tensorflow/core/profiler/lib/profiler_session.cc:225] Profiler session started.
2020-03-25 13:05:20.751912: E tensorflow/core/profiler/internal/gpu/cupti_tracer.cc:1307] function cupti_interface_->Subscribe( &subscriber_, (CUpti_CallbackFunc)ApiCallback, this)failed with error CUPTI could not be loaded or symbol could not be found.
2020-03-25 13:05:20.751919: E tensorflow/core/profiler/internal/gpu/cupti_tracer.cc:1346] function cupti_interface_->ActivityRegisterCallbacks( AllocCuptiActivityBuffer, FreeCuptiActivityBuffer)failed with error CUPTI could not be loaded or symbol could not be found.
WARNING:tensorflow:Early stopping conditioned on metric `val_accuracy` which is not available. Available metrics are: 
2020-03-25 13:05:20.753076: E tensorflow/core/profiler/internal/gpu/cupti_tracer.cc:1329] function cupti_interface_->EnableCallback( 0 , subscriber_, CUPTI_CB_DOMAIN_DRIVER_API, cbid)failed with error CUPTI could not be loaded or symbol could not be found.
2020-03-25 13:05:20.753090: I tensorflow/core/profiler/internal/gpu/device_tracer.cc:88]  GpuTracer has collected 0 callback api events and 0 activity events.
Traceback (most recent call last):
  File "./POLAR_Ensemble.py", line 384, in <module>
    main()
  File "./POLAR_Ensemble.py", line 329, in main
    ensemble_predictions.append(fit_model(x_train, y_train, log_dir, i, x_test, y_test))
  File "./POLAR_Ensemble.py", line 287, in fit_model
    callbacks=[tensorboard_callback, early_stopping])
  File "/home/f_drost/.virtualenvs/py36/lib/python3.6/site-packages/tensorflow_core/python/keras/engine/training.py", line 819, in fit
    use_multiprocessing=use_multiprocessing)
  File "/home/f_drost/.virtualenvs/py36/lib/python3.6/site-packages/tensorflow_core/python/keras/engine/training_v2.py", line 342, in fit
    total_epochs=epochs)
  File "/home/f_drost/.virtualenvs/py36/lib/python3.6/site-packages/tensorflow_core/python/keras/engine/training_v2.py", line 128, in run_one_epoch
    batch_outs = execution_function(iterator)
  File "/home/f_drost/.virtualenvs/py36/lib/python3.6/site-packages/tensorflow_core/python/keras/engine/training_v2_utils.py", line 98, in execution_function
    distributed_function(input_fn))
  File "/home/f_drost/.virtualenvs/py36/lib/python3.6/site-packages/tensorflow_core/python/eager/def_function.py", line 568, in __call__
    result = self._call(*args, **kwds)
  File "/home/f_drost/.virtualenvs/py36/lib/python3.6/site-packages/tensorflow_core/python/eager/def_function.py", line 615, in _call
    self._initialize(args, kwds, add_initializers_to=initializers)
  File "/home/f_drost/.virtualenvs/py36/lib/python3.6/site-packages/tensorflow_core/python/eager/def_function.py", line 497, in _initialize
    *args, **kwds))
  File "/home/f_drost/.virtualenvs/py36/lib/python3.6/site-packages/tensorflow_core/python/eager/function.py", line 2389, in _get_concrete_function_internal_garbage_collected
    graph_function, _, _ = self._maybe_define_function(args, kwargs)
  File "/home/f_drost/.virtualenvs/py36/lib/python3.6/site-packages/tensorflow_core/python/eager/function.py", line 2703, in _maybe_define_function
    graph_function = self._create_graph_function(args, kwargs)
  File "/home/f_drost/.virtualenvs/py36/lib/python3.6/site-packages/tensorflow_core/python/eager/function.py", line 2593, in _create_graph_function
    capture_by_value=self._capture_by_value),
  File "/home/f_drost/.virtualenvs/py36/lib/python3.6/site-packages/tensorflow_core/python/framework/func_graph.py", line 978, in func_graph_from_py_func
    func_outputs = python_func(*func_args, **func_kwargs)
  File "/home/f_drost/.virtualenvs/py36/lib/python3.6/site-packages/tensorflow_core/python/eager/def_function.py", line 439, in wrapped_fn
    return weak_wrapped_fn().__wrapped__(*args, **kwds)
  File "/home/f_drost/.virtualenvs/py36/lib/python3.6/site-packages/tensorflow_core/python/keras/engine/training_v2_utils.py", line 85, in distributed_function
    per_replica_function, args=args)
  File "/home/f_drost/.virtualenvs/py36/lib/python3.6/site-packages/tensorflow_core/python/distribute/distribute_lib.py", line 763, in experimental_run_v2
    return self._extended.call_for_each_replica(fn, args=args, kwargs=kwargs)
  File "/home/f_drost/.virtualenvs/py36/lib/python3.6/site-packages/tensorflow_core/python/distribute/distribute_lib.py", line 1819, in call_for_each_replica
    return self._call_for_each_replica(fn, args, kwargs)
  File "/home/f_drost/.virtualenvs/py36/lib/python3.6/site-packages/tensorflow_core/python/distribute/distribute_lib.py", line 2164, in _call_for_each_replica
    return fn(*args, **kwargs)
  File "/home/f_drost/.virtualenvs/py36/lib/python3.6/site-packages/tensorflow_core/python/autograph/impl/api.py", line 292, in wrapper
    return func(*args, **kwargs)
  File "/home/f_drost/.virtualenvs/py36/lib/python3.6/site-packages/tensorflow_core/python/keras/engine/training_v2_utils.py", line 433, in train_on_batch
    output_loss_metrics=model._output_loss_metrics)
  File "/home/f_drost/.virtualenvs/py36/lib/python3.6/site-packages/tensorflow_core/python/keras/engine/training_eager.py", line 312, in train_on_batch
    output_loss_metrics=output_loss_metrics))
  File "/home/f_drost/.virtualenvs/py36/lib/python3.6/site-packages/tensorflow_core/python/keras/engine/training_eager.py", line 273, in _process_single_batch
    model.optimizer.apply_gradients(zip(grads, trainable_weights))
  File "/home/f_drost/.virtualenvs/py36/lib/python3.6/site-packages/tensorflow_core/python/keras/optimizer_v2/optimizer_v2.py", line 434, in apply_gradients
    self._create_slots(var_list)
  File "/home/f_drost/.virtualenvs/py36/lib/python3.6/site-packages/tensorflow_core/python/keras/optimizer_v2/adam.py", line 151, in _create_slots
    self.add_slot(var, 'v')
  File "/home/f_drost/.virtualenvs/py36/lib/python3.6/site-packages/tensorflow_core/python/keras/optimizer_v2/optimizer_v2.py", line 599, in add_slot
    initial_value=initial_value)
  File "/home/f_drost/.virtualenvs/py36/lib/python3.6/site-packages/tensorflow_core/python/ops/variables.py", line 260, in __call__
    return cls._variable_v2_call(*args, **kwargs)
  File "/home/f_drost/.virtualenvs/py36/lib/python3.6/site-packages/tensorflow_core/python/ops/variables.py", line 254, in _variable_v2_call
    shape=shape)
  File "/home/f_drost/.virtualenvs/py36/lib/python3.6/site-packages/tensorflow_core/python/ops/variables.py", line 65, in getter
    return captured_getter(captured_previous, **kwargs)
  File "/home/f_drost/.virtualenvs/py36/lib/python3.6/site-packages/tensorflow_core/python/distribute/distribute_lib.py", line 2080, in creator
    return next_creator(*args, **kwargs)
  File "/home/f_drost/.virtualenvs/py36/lib/python3.6/site-packages/tensorflow_core/python/ops/variables.py", line 65, in getter
    return captured_getter(captured_previous, **kwargs)
  File "/home/f_drost/.virtualenvs/py36/lib/python3.6/site-packages/tensorflow_core/python/distribute/distribute_lib.py", line 2080, in creator
    return next_creator(*args, **kwargs)
  File "/home/f_drost/.virtualenvs/py36/lib/python3.6/site-packages/tensorflow_core/python/ops/variables.py", line 65, in getter
    return captured_getter(captured_previous, **kwargs)
  File "/home/f_drost/.virtualenvs/py36/lib/python3.6/site-packages/tensorflow_core/python/distribute/distribute_lib.py", line 2080, in creator
    return next_creator(*args, **kwargs)
  File "/home/f_drost/.virtualenvs/py36/lib/python3.6/site-packages/tensorflow_core/python/ops/variables.py", line 65, in getter
    return captured_getter(captured_previous, **kwargs)
  File "/home/f_drost/.virtualenvs/py36/lib/python3.6/site-packages/tensorflow_core/python/eager/def_function.py", line 485, in variable_capturing_scope
    lifted_initializer_graph=lifted_initializer_graph, **kwds)
  File "/home/f_drost/.virtualenvs/py36/lib/python3.6/site-packages/tensorflow_core/python/ops/variables.py", line 262, in __call__
    return super(VariableMetaclass, cls).__call__(*args, **kwargs)
  File "/home/f_drost/.virtualenvs/py36/lib/python3.6/site-packages/tensorflow_core/python/eager/def_function.py", line 178, in __init__
    initial_value() if init_from_fn else initial_value,
  File "/home/f_drost/.virtualenvs/py36/lib/python3.6/site-packages/tensorflow_core/python/ops/init_ops_v2.py", line 98, in __call__
    return array_ops.zeros(shape, dtype)
  File "/home/f_drost/.virtualenvs/py36/lib/python3.6/site-packages/tensorflow_core/python/ops/array_ops.py", line 2446, in zeros
    output = fill(shape, constant(zero, dtype=dtype), name=name)
  File "/home/f_drost/.virtualenvs/py36/lib/python3.6/site-packages/tensorflow_core/python/ops/array_ops.py", line 233, in fill
    result = gen_array_ops.fill(dims, value, name=name)
  File "/home/f_drost/.virtualenvs/py36/lib/python3.6/site-packages/tensorflow_core/python/ops/gen_array_ops.py", line 3244, in fill
    _ops.raise_from_not_ok_status(e, name)
  File "/home/f_drost/.virtualenvs/py36/lib/python3.6/site-packages/tensorflow_core/python/framework/ops.py", line 6606, in raise_from_not_ok_status
    six.raise_from(core._status_to_exception(e.code, message), None)
  File "<string>", line 3, in raise_from
tensorflow.python.framework.errors_impl.ResourceExhaustedError: OOM when allocating tensor with shape[4096,4096] and type float on /job:localhost/replica:0/task:0/device:GPU:0 by allocator GPU_0_bfc [Op:Fill] name: Adam/fc2/kernel/v/Initializer/zeros/
